cracked  lxvi  $6$rounds=1350$gdQ4mgcyW8pQwr4k$kFqndYg1ybR2Hgj5/m.MDUtzO6Vzji7ShfBF.4FwJZYpc5CwpdBm7AOYe4c8Fp7J4gaUng8dhdr2xxCXVu3Fn1
cracked  VIPs  $5$rounds=1331$juF5Rb04Oi2g4JS1$8rVrmMwQLipHGWz5aZR6z48Ih6PylyrLEc0783Tnxy5
cracked  clay  $2b$09$JhbwUiqfxCBXNVj7z7vYeu0N0ol3CmRvGcfyvXOrCs5jp7JBD.daq
cracked  showman  $y$j6T$LPfIyiuAwC.jZntgBHncHJ/lwhntEpF1dTwYhM7/777/rhtpYMmfpCM35Xu9XCT2$AgVwSk.Ca9pVcOXqUugv.Gb6QU3ttL5eOavgFBGMzt0
cracked  penitential  $5$rounds=1315$XVSP00uF5JPSTNll$24YHOsl.u3lkefQv4tIJnCVAjcAi7MKlr3ogtJT6iA9
cracked  sackcloth  $1$wsMHg5Rf$lo0X.ucHFW73O3PFhBCCc0
cracked  Renaissances  $2b$06$sJ2ARS9jahpAN/6ALx0qv..9cfMOKYJPGoJyTUlg6PGLE1yZk1J4S
cracked  Hera's  oJtC5Mf9ncJaA
cracked  Helsinki  $6$rounds=1029$VZJsz0bWSYJP9JvR$Guf9doMptTb5QD/22OGo7idk1w5KgD4s75VDOXWWogF/D9wXXVvYJUEEdtt4IeV9H3iRUbpPCxOvLZgVws55J1
cracked  governing  $3$$aa6bb0e88c656046a1e67221c4b777e2
cracked  Cumberland's  $3$$5bf6ec1491bc875335f715b41349e646
cracked  bit  OPV9Agzy7BlvE
cracked  patterned  $6$rounds=1294$7Sob.pNqXon9yoeL$OsLoA01zOMOoLvU2hcIxB4D2NJFzOw4UiQvKEQuAldvdH9fNrGpuBs13SgQRWGq0Ub9WzWgoJDhHPu3okmH3j1
cracked  infelicities  $6$rounds=1304$ZwAIF6HgrGeU5IGb$0L.zhfunN4ABhoq4VYXwMawulcMqpMifMkM4O2FPrToCcAy2VqhvAFAWuVZZsQtorCgV60EhkgOal6k4RA5fR0
cracked  sinker  $5$rounds=1170$V7bGPTvRT2kMEKeb$bQ/.MjhB5bxyMIcy5jovXa3FCF1PV5Vz0QiLUO.kYi3
cracked  ashamed  $5$rounds=1218$5R/bsIeOIwlXOycl$hkqEwgJan5V2vjGWsWmv5fU/R.GSYVH6sRKIVqR2CV4
cracked  drainage's  $gy$j5T$o23DbBYRAmVzWe34uUTV5Fnnxj0FnPEgkfXhQz9GGkaEyHRWz5M6SZtP/Vvki6pB$4uT2d57knxF.mBPekRKbDMbWgCyy9KweHS9lVAV2l10
cracked  admixtures  $gy$j6T$wXEjBRiTXts0TslAmTREMhOOJNiUV65vUwIxUd4PG5rzfP55P9h.rFUN06tEScIG$V8eyWLIbPw5yptP6b1gtyLAiIhAyrbsK/og5FXZdtZ.
cracked  cornrow's  $3$$9378fb2972a9892ceb3213ea4a40048f
cracked  expressiveness's  $gy$j6T$ZCPd17QUjY7dN9N/CL/aAKktjj9YLAOkg81a9tqYLPL90robuiiL1GOCFCrLkAKt$OV3s84W/cdNbJGrqi7NrPEZVIX3w6cELSc9jDVrzmtB
cracked  h'm  $3$$b4e9022f60a30ed9b6ad112fd52b514e
cracked  edit's  $3$$198bd5e14aa55f7f9319587f2da51ce1
cracked  espadrille  $6$rounds=1009$8ahfvL0e0igciGrN$E1VUxtwiyFmNnnroTzmjAXCuiPEzSrhdgHehakIJPH0Ps0cuhCzdOPkrCOEdVKTHT6YVdQp/XvDrczHXjobpn0
cracked  butcheries  $1$mXNJk6b3$FqxeSrmkQaLGdorF6f7OP0
cracked  imprison  JMu8vDZCfUD8M
cracked  likeliest  $1$o5T/1ppG$7vvTLbjf.et801KqWS32c.
cracked  cluster  $gy$j7T$PsW7X9ELUxg2Qd2uXpilEsDmXymXM.zfgCNg7LSMKpNwTZtcDZzASEiwBue2dQam$wetAm/wbD8/ZFfw.aJ5cLF0ZsTWfGeeeRLR4yaZVKT5
cracked  typhoon's  $1$CvRW6jIq$cHu9H9RIMrTUuDqropN41/
cracked  scowls  2Nrjjfr5kiZRc
cracked  spiked  $5$rounds=1206$W8NgFXWSfTCuo/F4$F95Tf/8GfXhKGKQvqiJ8RsRo0Gux7EdnbCCmmSqEGbA
cracked  separatist's  $gy$j5T$9YnBkWZJIFNDOMCEyukyp2qijTD0S.nyiNtzB1BawxSOHXpYEWY.WHlz6c91Mu8B$SmSpdviutZfKt9lEFeeEZXzg9gZVQ4bRQoFHILjzYL3
cracked  equations  $3$$f69d0b7f64281769fa0e0cca4a1faa97
cracked  rallying  $2b$07$SkWMe1xHKcFRDkPVUlBCO.G2DU1GNFECMceeRx20DdfflfttTguwW
cracked  Sepoy  $6$rounds=1080$8eihCMVUd6CqH.CF$56HMmhuu6Xk4qZxRhpJLP9SJjH/eb/o6wBOH61Pl2NlLzkjbiQmIoQ54OJUGYXzdnrFEKIbmBQrOT49cieoAN.
cracked  Nita's  $y$j7T$aD9iX7rZX1OiVUA0McFA3Ocr0AuR80K6kDXsnOCp35FvvO.zHNaIzJDopS1x.vfs$HTfRgoW8ezvm9sI0HpoJElGYfcYH9zLQyNmRY/SpxcC
cracked  amidst  $6$rounds=1442$KtirKPe8221LeaIb$r0UPJZfUs8lECETnadLYDMFWpRLYZUzrcEjl.3zUftd8bnOLhDNrqrKzcqLJ1w/HjGr43JuGY8fWQjCDralTZ/
cracked  equities  $2b$07$dbVBqwQYLB7TDumC/LkxIekEV/AJdgDkpKT9OGLAc5xZ5z96FyDXy
cracked  Fabergé's  $gy$j5T$7N0fIcHS.Vy/bcLs6n9kAZHo79c.GVNL8ypU0SwyJszQH9AMd8I9GrQhyd3WvZiY$VY3gpjfGWLDx9YwT2tgc1FZDzKiAyONDoTFalzfmM57
cracked  hypoallergenic  $6$rounds=1334$vFWbUVA77UgFuXM7$1FEUe9L291VwmZ0zcswhPq1O/eXdgm4DuB5rm4.WuEeWDJqweGh3iy7gfC9w0.lVw/FuBjPQ3qFMBpTsn2Spk1
cracked  diehard  $5$rounds=1220$dwIFLgqRE27dfpPE$VZI.QsFgosTBsQ42ID3gGYlb2MsTXczsR0Q/GAVvBT5
cracked  hamstringing  $6$rounds=1127$8ZATjjAEtLjjD20b$NNBFwtFlOSjbXvameNYlq6tjaJjqQ1NiIklCUjQY49pMw6grcoAPQIQxklepG4jrqtmv5OD75f.Zb5e3gUL2a0
cracked  Semitic  $5$rounds=1260$QR8O6DUYM9Jn0Oyj$DIbAfASFy7yHhvktYYdF6LlpILQCmzXl7ZbFV3aFkwD
cracked  modern  $6$rounds=1448$nZaxb8o/vxx1OgZh$J7Pn5IxyBPOA/guyZTe2SdD0Qpr89qnU9KPpFrluY3TZqeVZ9MGYQK5vgzcFWwDR2q6p.lfoFYle4YfpbYJgf0
cracked  reelections  $5$rounds=1341$kd2lvrzLqNsyl/fK$YYc6QP259VMfZbIip229IVNUnrFPxLbmM79pqPpoUUB
cracked  Onion  $6$rounds=1038$B2ig5zmK0XWjFSob$43i4FRTbZkL25oG.4d09rYiRMcLhrwLDZ4.I.7.XD3WS.ihMOw7EVJwkqaiCntsx64JxKStbB7JfaqDr6IJ5G0
cracked  topazes  $6$rounds=1308$QIYLp1wyOsbz6CXE$2xlKq7BYrLEZUqCOJeo0oNG7U7LZkWYuK0VIKHTDy2D/BAjj2d.ZqsMoE.pyweLW1OoPI77NDYWjY.Kch60lH0
cracked  ripoff  $3$$07b280788ba3eae849125a436ea85e26
cracked  overtaxes  $y$j7T$3PE5TcpyrFXS9xVdSMnvDJUx44zrYq6WYpPAXdTgJC.jyDnVHrdpZ9mBnys6z8ix$vGPMB/qZ/9DVvcyY217aNIduulpyQVY6NoWSaqEr5w1
cracked  Clive  $y$j5T$hVhiofCPfDc.Gk2Wc9w/hF9YhHUmxtZ9p4cCnvKw8mvLuSQcGe2Ab8Qb1K/Nxiwo$mH5c7UHcwmYilIE6LLCDncpV7GLAuKCdiiWb1m.BlRD
cracked  Marcie  $5$rounds=1010$AykQuor9diJVnzpP$OMoz6.610IJ.YOcRxofuxRwaoTXumxwRFBs/j/6vhAC
cracked  pantheists  $1$hqccnk6j$Zbs/c.wXDUVJZDw12EUan1
cracked  assessments  $6$rounds=1093$UGbRvGwsr1B1XMvm$j13Rsn6bd/bW7fdW6IfRc9nLhgDL51Bl/rtBv//Xbyomg6zlMA3Lz/WHm.HhsmckZH8ZXorZplXE7uG7Qkg1o.
cracked  pumping  veUGW5cUMADUY
cracked  minimal  $1$0Hud95Ja$yeel62i3gIA05RyyayyWW1
cracked  eyetooth's  $6$rounds=1136$cJyyH8uizdF7nQDX$An02AU9lvJRYmxfYylkjUXTUO6LfUN6gwUu1Lvp9p2KCWbIxrQKVM5ZCLOkGGAElkCSvOCAiB5tZRXqZXAEbX1
cracked  sub  $gy$j5T$FSJF7GMnXz4XcAafSNCDhJqKsZ9LlQsqbJe5PT.F0QxYC2hrbiyv3zDrChKwR4S4$5SXBiLYsNDxIBYlJXBD.OjgHBIjZV7pzD8MPPw2AkH/
cracked  cannibals  $3$$0b1e95e5a7e49350e6fe7dbfb9efbe2d
cracked  sounding  $2b$07$y7bGI/QA24kMWL2QIByTdeccxSQzLcOqmjid6NB4t1TwJOUdJhG0u
cracked  adjacent  $3$$93424677c3d20755bdf83a9de39bcd2a
cracked  refueling  $3$$1434f1c23adf97d87b474aea1a0f36ec
cracked  cogitation  $1$PZZnPrQp$VfNtQ11ABP9ZYj4GEilNo0
cracked  concomitants  $2b$08$WR9MKDsVLzkDKYVcX84f.uni45nJZ5m84RoJaFqvlxCMqmLTcmjO6
cracked  tinge  $6$rounds=1059$qE.xm3jC.lXDTfQB$mV9qUvrxnBK8Y757O0TOkU8slitnAQPBaMqDpmcy4sO7V6Rw12dZN20eNI3BI5nRbkrsrtc.w5JMPZG02bdOL/
cracked  tribune  $y$j5T$8Cd4sCyoYsK1468v2Tk0KzIDwpvfWbiTBidf1NjwlrREhQC5Opde0xtaVwB4kLCJ$eY5m.RNW.F8TIm5q5.YNEN6mXNW3jb/KNmIl0/xzA99
cracked  Rommel's  $5$rounds=1010$rUvxkTVG0M2.uRMp$ZAMU0NaFumOGJi.Q26Mv8FuWoVzPkdvVF99GiJFdFMA
cracked  background  $2b$06$XlY7K.eiKhSu3IKCrdww/e8t1rYXbD/.DuC5fkG5LX2/54nfIiZQK
cracked  whacked  $5$rounds=1459$z6teYBzuokavH02Y$WMCThFa6z/0B701pt7Lm5a3TNcFyF3cXIRTpy1ihL51
cracked  search  $y$j7T$Ntp65Olb0FMt985ffnme94M5k0MW5yu4Zw1kUeHPNGvnsriaoU.eA/F7jehe15AL$dWGj43E3FmrsgQWghucj5KyJHFQscXJnJg8aEJWlN58
cracked  stoic  zllAZQI.i0Fvs
cracked  experiences  $y$j7T$PfLNXKhh8poo0D2eoZQk/gw/WM8HY6j0WkMLObpRyVKX4qb2SopW3gy0VmCx0VKr$rb6.fsyy1o.4qtzY7OIsBEvj3mSXukPLmH33A3yrrRD
cracked  eyestrain  $y$j5T$9kYlhjnV4TSZAk0UdvDgrSepwva1si2BKUSb/MFODlt113UxSfeNozXu6GQ8Fxrz$sWJvtrv251yamzDpraESUX3rlVGuUIIroWmAOF35HGD
cracked  lavished  $2b$06$ZJ8Q0E.M2W8tkVX8.Sid5.JLJZ.WcayJM1SgOooMmPlhRQwLQwvXO
cracked  Loki  $5$rounds=1456$lQdjUdDujPUdla/b$1/7my.etiCNvayLtr4VL4SNF5uqsOlTl/AalJ5prSh1
cracked  bigamy  $6$rounds=1361$yiglvrhSvke80OFy$sZ9tXNNKyCP02vb.NmNVjZvSjQVfHuDxW4dCM/SMVRhHH4H3BEE3cYRR5gKz7RLyIyjd38DHxU/sDO9lGooA0/
cracked  HTTP  $3$$c37fbc56ce8d06beb4bc74288b191716
cracked  Polynesia's  $5$rounds=1496$xVgrtDkKI7O0tLzy$fYxwEbN2mQ7.eBx57CR3vkWAnMbvxOwU1hCPZ7FF9X9
cracked  Carroll's  $3$$485138b992c5e46d16e100654a5d062e
cracked  wicked  $6$rounds=1444$b8kAilqAGbcrnPJv$lxVJ6S/FOo2wionVBwLUwRXYKECgt3uMCkPIQgP5elHVaUwmopGBaqtKMSqTMA4NarMRbNlWeERzTZ//K2Nh90
cracked  Truman's  $3$$87762aaa013e990d615ecc65750b2df6
cracked  letterhead  $6$rounds=1443$Ubaq2EHsNHdnQjQS$AiPKev7ym3W.U4.d1omemXcwOqeuknm2mbIVlUn4G5ZM9v8irLghvDgK9RUsIjSSxpBHg.OpvLiR9sDXXKFMZ/
cracked  sabres  $gy$j6T$VPtlR4uy13j0BEY/eTOnF1WnFAuNOwYMh8rBKb4946.s9LFpNPu.xCHJlhREvSqq$yO3rQs8aEyKT8NWly8mNxgBduDIcrztWSwkb5vJ3r40
cracked  squat's  $1$B6y11nmO$uRsyaWBCMfGZtvK3CKUyh0
cracked  roughhoused  $5$rounds=1024$jMdK32fkkixKUwJT$bFXh31hGShvf2xPkUm7D4c3rQaeGtyZt31g5Cxr1Qg1
cracked  jovial  $3$$3eff00a9066761426f826b1b02560a0b
cracked  alined  $2b$09$mvhLrELeIFglJUlpeI.iNeC8TvyGxqRWVWnzoovk8dpemXxjrvB4a
cracked  pimping  $3$$20628bef1145fe7ee037ba7a2c6ba434
cracked  outlaws  $gy$j6T$