valgrind --track-origins=yes --leak-check=full ./thread_hash -i ./Master/passwords10.txt -d ./Master/plain10.txt
Cracked: Douglas
Hash: $y$j6T$QBks8Wn3k.NvLTdX5dl1bS7C/50oOJrlIy6kUY6EJhrDHKjabykioYTN1krA8aWw$Ag2Oe9YEDpAgCMLpYPjkqvtaMS3MWuZaQZIuQXntPwB
Salt: $y$j6T$QBks8Wn3k.NvLTdX5dl1bS7C/50oOJrlIy6kUY6EJhrDHKjabykioYTN1krA8aWw
Algorithm: YESCRYPT
Cracked: Jonah's
Hash: $3$$4f6f0a2ae9085c97ae2236ac008f7b19
Salt: $3$
Algorithm: NT
Cracked: enquires
Hash: $3$$62ccbb67bb5cdc064ff8b878a02711e4
Salt: $3$
Algorithm: NT
Cracked: created
Hash: $2b$07$fZW.IaQxQYFEUbaV6mnjVOrUxJQghqymT8ro8ntt9S3pAdW87O3P2
Salt: $2b$07$fZW.IaQxQYFEUbaV6mnjVO
Algorithm: BCRYPT
Cracked: press's
Hash: m5CgjrhVUha42
Salt: m5
Algorithm: DES
Cracked: disengagement's
Hash: $1$BKgyiAT/$lSMuCVVsj09bqlvwhXnAs1
Salt: $1$BKgyiAT/
Algorithm: MD5
Cracked: anesthesia's
Hash: $y$j6T$Ui254yYhG4SjL/D8sNqN2s3gAk9LWkBomaQJvp8j5wQlIYR5ReQurXvRQT1dx3c4$JSJNXIGNlCnXPL56A.Rmwb1eIBFvSxp39CX7l9oizaD
Salt: $y$j6T$Ui254yYhG4SjL/D8sNqN2s3gAk9LWkBomaQJvp8j5wQlIYR5ReQurXvRQT1dx3c4
Algorithm: YESCRYPT
Cracked: dependance
Hash: $2b$08$V4tR9QCm.SUQGHG0HKOlEOsTIJ4DWCIIC3JbM7EOM.B9c2JKQSyu6
Salt: $2b$08$V4tR9QCm.SUQGHG0HKOlEO
Algorithm: BCRYPT
Cracked: combustion
Hash: $5$rounds=1456$OMKKOLUhCB76vN6q$NxeI8iXMKTwG9xJpuJSxos1JUR6VSjip6ErclIvtvt5
Salt: $5$rounds=1456$OMKKOLUhCB76vN6q
Algorithm: SHA256
Cracked: Bonita
Hash: $3$$da67d87558c8eaf1564a2a4b4b6c91da
Salt: $3$
Algorithm: NT
