cracked  abashes  XN38ZzFdBUm1M
cracked  abundance  $gy$j5T$pOxjm3uGcnkTDgCxbWVlnNo2EHjVujH2xnLGy3Apx8CINwgWZtt1/RbjUt6thtZb$Mnscn/rUsckx6cJYrLNsR1MSC/KFyOq./NSwCOw.5XB
cracked  abuser  $2b$06$FPReqaK.TFVU3EJg/eR1N.ujZ2qVO2d1IFXKGc0SP4yZOGgsHeUxa
cracked  accentuation's  $1$7kCKw2AX$Xuc6QVhFco6AAF2VB21dR/
cracked  Adolph's  $3$$a97efc7899579ebd05cfb974c35d4762
cracked  adventured  $6$rounds=1379$X5rdPRYoLuFeNSUf$XXFWTEfDH8GTN3cBqL0ibrMj.8V5HErtbRfO3.4V3ZSj/JhMNTsomI60fnkPxzTzZtvthLDrSuQbguQdipBt41
cracked  aftershave  vMqk735C04SLc
cracked  agents  $3$$882b5fb2cf9980703176a6a9658883df
cracked  ague  $y$j6T$9KUVGUOOs3gu.ZOHJfg7nsydLuZdPW0E7fEiBjd5ZvKIw6zCgAVK64uiCmZEuxF6$hiPCfvc9r0UL1L0I1j3TrZZjH7QtKa1EDJ7Yr0PWJMC
cracked  Alcott's  lUGvFtXKM3nxk
cracked  altho  $1$iaT4Z1jE$Y671rVqQP0k82NeThbgwl.
cracked  Alvin's  $1$KIPlYEyR$0L4CT19brTeJPLd/Tqfq5.
cracked  ambitious  $2b$08$K1adxTeKA.egwN.q64g0qurWTTxv8dw3DZMARPip5p3UXZV2i3eXa
cracked  anaesthetic  $gy$j7T$eMBqnEfl6AXV6T0rNAUc.wHTnnf/RLEjQdjMlrAC28MfN/FRNHK1b/vdWjOAAn9b$J7JXM.SSwQE0wmdiOfZo6sX8wxondvcbSzC0uMZ8Z4.
cracked  Angevin's  $3$$25f098740d898ded94f7f70acdc7ae96
cracked  Anna  $5$rounds=1212$3K9CYzFGkk.kZ4qg$uNj9Hd7p5oFXf05cZ1pOgHgs0zFwERj5yWQrpFoThI2
cracked  Annabelle  $5$rounds=1157$XCSRZxp1G0g958VF$6YSWU53KtYztkDeyMfnlHXSYAtdb7YWzB.8Al2cRZgB
cracked  annihilation  $2b$07$oWfma4BO9Wh50XG8EQ07duwSEo1I7JTvg.GfYEp6DPrXhJoNojh6.
cracked  anomaly  $y$j5T$sub27tyV02dgIqQpbPdV7IdE.AtOmpd4qgbt0PhLZYw.WlLzeZyIzGY15NkNJD9f$pLNnELefi7xHKYCPwLjRMiv.MYEOxqvm9CvEJ1Vji14
cracked  anthropomorphism  $6$rounds=1139$Dps61auM4OOvKRXU$5Gfu/cfuz6jbDCP/2R.2nvFdz3DflA4s5A8Sck1PQPhmdMsk5nyy840SRLN1Tzrq/kwCFSDjSjR.fxV2/SeDk/
cracked  arboreta  $5$rounds=1454$NZdew6hr0.wppd2p$7yX1zzDl5CM3o7/n2p9d/4w5bL78Hm57wkSjp7X5RA.
cracked  Artemis  6Jz9PNBc.CaI2
cracked  associating  $3$$d3c54996184adfdf379ca6893990689d
cracked  augury's  $2b$07$qXbGn4qpKFjXHx2fLvE5J.4FKnOFS9JXwviyZBnGfnrhIWMrKoLri
cracked  avid  $y$j7T$MfDEnvSwas7f67oI5MhKN9Vr4QXyttLFXfrAfWVHHwU/ve6kw.72I6EPLuvoA7EP$IARIJIqGHzBIy2piRkB.nqVS7jDDWE21Xae6.PMdi.8
cracked  bailiwicks  $gy$j5T$ht9Mlodf7.9Nw6xfpBdqMGU61n53kwJc4.hHS/kObQr.um1Iwv2RJ3YrwptUzhke$WfYL/joy1IraMyp1vvHs49GMj65Vq2NRJ7abKdm6kU8
cracked  ballistic  $3$$7048045651be78dc84ec30fe90e386cf
cracked  bananas  $2b$09$9jzjetX.xbnwCokBEoXDhuCZKg7fRGlaSt6/Z.kErV0yll8Eatuua
cracked  Banks's  $gy$j5T$dRwlwTUCBB9BSy4XXRNrub3J5WpHXaK9PPmiMCuuXdruqi2i6wRAjHzgUMf.NXJj$Y3eSSSDm6hJU4pRu1NAu3xUrsYoqEuz/dlQ8ZKOZQzD
cracked  Barack  $3$$1cb38f6a3a1c6560dcca8d6a0961fc91
cracked  Barbados's  $3$$3fd9a5c2146288359b1e5c630a6139bf
cracked  barefoot  $1$sl9P/oGi$RnLNBBBRILmp1Cm4czIf61
cracked  barging  $3$$7bdcd61f7b3bf105c60c4e0e63571084
cracked  Bavaria  $1$LD.dBqHs$eSn1oWYFEz2q3wrcul40I1
cracked  beads  $y$j6T$9L76Sw6ZVRJqLr00j08cp1H1qEIXLsHyvfEDVWcz1bIG.uarALrWZca14b1H52uu$n9eF6zYu/UpTmFd6VjPbr2rKNF3O1ZnwuDcwEW3OfE1
cracked  beehives  $1$OuxRjulx$qLTuE4RrhT9FN8yJW/OvW0
cracked  beholder's  $3$$8d875b87cef63a2ab6ddbd3fd1e935c3
cracked  Benjamin  $2b$09$8kH.KlHv.c.52iKw7EJc2OsvNe1B1eRawLxcTO1PdYpEzjRsSYp.2
cracked  berating  $1$0u3/Alkh$RJQt7YiMNFJksgyn7XHgh0
cracked  Bernhardt's  $1$Ygd9qks7$RcUa/f7dMTSuu8fjVQZx3/
cracked  biped's  ArQx9yzqSF5FU
cracked  birthplace's  $1$gkjKxnxv$XVyAHEycmedBEDPh.bmal/
cracked  blameless  $5$rounds=1291$iSiya1I3LYblsqqf$Ls1pEafi2/DoMStCL3w4n2333lKkkbLrqq3BTUt7W4D
cracked  blazoned  $5$rounds=1081$1/z8JyjjAFCgZ.tO$mNTA87rXkesgZETXEZscBt7ylXrYwk6gNeJMePkQX4B
cracked  boat  $6$rounds=1233$FS4orNDjUGPgc1KH$t1fME/zGUG8Mp./W6FPg6fdIUPavFff2YTXbcyFvk.JbwBNHDFRQz14snCcnNO6TsVhZEj1pLjk3N.wVgCNns/
cracked  boater  $y$j5T$aPhPZVPCfJ09OZWLccN53/fwO2cl5J/ivlYyYkbquRVgs66bAAaY1wKNk406KCin$u.9ISSVaduQSkkWBS9ChcygLdY0JSMVdToHDmqXX3B8
cracked  bowman  $gy$j7T$v3MvKk7Iwj/cs..qJfrT4EbXUgVEqeWyAc4vaI9vXnyrAlSZRvgkCQi7UKf3XjRW$0Ttc2TxCWSYKn94FKvr6v59Ln8XJRcDomgANIivWFeA
cracked  Brecht  $6$rounds=1301$v5a1ZRQSPwNxed4u$SdjBtejc7xFFGdfQz3QS2MRB1sGZurRtkRhuFUFeD7mfsS4AhBfyGOFPIVe4gYBboQBsf5WGagumLOn.fgGJD0
cracked  brisked  $2b$08$adYtknWSLujT9mx/fQKLc.33EgORpvcw1rCYqzg1GiUYf8dE51N7a
cracked  busied  $6$rounds=1120$UjdjVhs3V7Ws.oaB$QBcjMRyGkEaGGEZz54RaaKCWRoF9f3fh/E8UTkimhXYZWAev/RZBKpPYLmzbrPDRok0QtzyaxnXz2IxRaUq410
cracked  cablecast's  $5$rounds=1317$VuGi/Uf/Pxh8p8v6$4wI9LIr78iz9PU8OSWE/DpZQKSbhQVj8NjsnuzkAxJ4
cracked  Caleb  $6$rounds=1137$00iIeiYOeE53w.x5$OCy/sSnMi9RXbulWLvWA9/pBzuVMtpcsq4tsUluvXd99NLB6ZPv90gLe3F3U4oxwOmFnsHOkOCw0jVGxfzUkZ0
cracked  Caliban's  $3$$3ebb046e9cd7f248054d60d929c5620b
cracked  Caligula's  XqfjUA6bBFlyg
cracked  Callaghan's  $2b$07$ttMPBqVfU/LuUuXzoxkX4.t.pRzACBkepKP8hpZW81qTIPDcY3TSC
cracked  Calvinism's  $3$$0fd3ff6293486e542e2a4aaad2bec069
cracked  capstan's  $2b$06$IgqcqIGXOx3HPNYJR1vLTOlik.gvWip2w2YarR/oXev4OTr4Afqgu
cracked  captivity  $6$rounds=1250$a61bENMmj.jKqHyg$iVnaHmPFnujJ3fKSoAWAdZGjj.VJ9bdiPmtM6LM2Qns.dHpDQuBrYBsERBy341YAOoMXd5Ubz.q2GE3V57.LQ.
cracked  Carolingian's  Fp3ULf/K4b572
cracked  castings  $3$$400d403937841ef5812ad9a5d7b9eaff
cracked  chagrin's  $1$u355wlyS$LySmRLU8vZoclbrTlqIWQ0
cracked  Chiclets  $6$rounds=1230$0guT7xGqYUpJz.aJ$HcLQwIJ2e4tV75jIhBHzN5WazFoS2jEfbaozD1rvsdLIQWzFadPdFE6fmmDRBE2rGooeYNamo4sE41nwGcGaX1
cracked  chignon's  $1$9iOAWGL3$lwhgU1oyzUk.QDCmqWkqL1
cracked  Chisinau  $1$5Gdt.r66$gJ8BZmeiG4gmus2owQuAQ1
cracked  chow's  $5$rounds=1214$YbvPlvy6ApvCUxbw$Yra/p0U.z4gRYMLsTsZThZxi/1ZKl453lh47MYpwrRB
cracked  chute's  $1$aHn4wvPy$npfCt6djWcIwK1LBDFvT//
cracked  circuitous  vs2YIya65P7eY
cracked  circus  $1$6.LaPmPA$qNEzvFcVMktzJsf5gpSEz1
cracked  clarifying  $y$j5T$siulhCZsxVq3r6ut3Ru6GEslCpdkvmsV6RN7BaMosl46OZmwZ2CtaDVp0WHSYTKF$moVD5DWx0v2xyy8ZZ9vu1CUJcx0H/HWzOHh64bCmXhA
cracked  clefs  $gy$j7T$BZRxbOUOcsdzhDKvlcrRWRezrxDhx8IulVOtVeotl1VIjeuoaHRWrl7P12uPrWh0$CLVdmyVbECMFfk6BQu09pdDfDxBVwkyGwdKURumITk/
cracked  coauthored  $y$j7T$KqUAWhPavdpCtxdyI.EZKIkJDGq9JmYwv25MoPnXy3hLF2gcRie8mEMHu6x7g2t1$tOhq.PCC7j4jyoyHtLer3tonfnD5BfdPUQHY6YUtEA2
cracked  commissioner  $gy$j6T$9zmOAhD6WQfodJmD9dWkaWDO8lF8gqtbJ6HVORS6cpeBv7GrgxnMxbMX3TcFwnVW$b9y6gCN88FWQzYKMLtSoj3We0Ot3NqQgGOdbe6wI1f2
cracked  compensate  K1jBwCMlcZNHo
cracked  competitor's  $2b$09$1S6DHPK283oMyLwMYh7nd.y35xpgL0v11MdvYZR7EUrHlKPEBUR6O
cracked  CompuServe  $3$$9a41eab6e1e72356dd3d6890d2885370
cracked  computations  do7sTt5BLtokY
cracked  conceptualization's  $2b$07$ynUORKI6ddFR.F5TQJYXQ.y2yrDQO1QgCl.ccM0rrcjO9EbVYn8hy
cracked  concierges  QUq6U.1lClx0c
cracked  concluding  $6$rounds=1124$PfAyURVa2AINn9ld$LtEaeRvc3p1skfWTqujQVyqLKCHjQfwrXlnUWSiksYA0gkvPbobSNumGCzfdZMb/eXqxpg6N5K7S0Ur5Ny4x8/
cracked  confab's  $1$wv7QbfI7$lKriWB.HNqNtmrGcOzMrS1
cracked  conjurer  $2b$06$xuhmau8m4eWWwzOInsBncugodce1E1LWRe0jgonkg5dlQvPeicwai
cracked  Conner's  klQynLoluqu5I
cracked  constituents  $y$j6T$2n4YSmLrk1x0qmOuOYCRvM1ERmgDcRilQ3UEFt6e6umlSg//QVZsNvO9g/qOl.Ik$Fpl2yDljDcVeTktcZSAVfECSBPs/Bts4R9qJrjO1c38
cracked  consumable  $6$rounds=1224$DS7wRqPUh6o5RyYx$3Ik6LM1885Ha3zsJm4dnPyCFpmtjZAtlrveUu1BLuLAvIPHrP0KFiD3RGxN5JYVV4YCtCKYNoed3pCNZOxJzc.
cracked  cormorant  $6$rounds=1289$TFh76l/V2Lf.AwYP$aEqFhnf6GKVktLFZjat3V5IegUxqAbcvtfx.ynX4el6H4OV353gcophURlQXum5uJcvySOHIqz0aQfPmScNTP1
cracked  corpuscle's  $2b$08$Dvondl79XgqUusKSL1APuuAk6v6n5Bn3lOC0HrTu7JnHw9obCeNuS
cracked  cowpoke  $6$rounds=1371$k52gyiqSre9b4wgj$1RYEx5/GJiFRxDKat.tfbkHuSOq/FZyPgIO4ZMHJfBH1RBjDjZQfNflhBTQa6p/naQgx6NaDMCsmq4.Temhvl0
cracked  cozier  QcYLa5b1MsgBg
cracked  crabbily  $3$$224d2d0b9f3702650e72b5493911269c
cracked  crane's  $1$fg0Ug.T6$L1oxu598iFxvNYFl0.EvH0
cracked  Crick  7nsxLOhM06u.s
cracked  crusade  $y$j5T$dn5xlZcj/gxOw.CoT3OqkkJTLBZdMWxhUfqYxGc66MDh1R8HOkkQd6OqbBp/Yu0z$nU/L1njb6uhoU6m9GfWKMxElQOsrLt8P2vV443PJgxB
cracked  Cyrus's  JdxNaRikl7emQ
cracked  cyst  $3$$700c953898c3105d13da1d1a7b477207
cracked  dairying's  $6$rounds=1222$xtg6iAF/CTzkkMAj$ppbETex3cQgkTEmHaSyKILQPO7sYTd0Gym9nSMGJw53uulW6AgQ1nZaHviwkX1bVVwuK1eWvXL0hKSzi00rJZ/
cracked  darn  $1$f/JNSfwo$Bw80rbdON3Wxuu5qSX/nU/
cracked  databases  $5$rounds=1133$BWXaVufQXrP888W9$wwvlVHwFmoCv7JYE88ZiYIC7kkIhGcwG/qAHPqab1l7
cracked  debacles  $1$z65pPAlQ$NZkRZA9ZRK4rZ280jbCcN0
cracked  debasing  $5$rounds=1095$XYCceMyqWh4lReTg$YKUNJEudFjtryMr0fMaxSn2my2aUk/3XF7ueUrJ4w32
cracked  declassified  PrrNuLn.22kuU
cracked  deeming  $2b$06$aU03ACLRPzIUwxIrVnM0BuLqbaXEVQZuzOS1aL6w.tBoXiwKLVLpy
cracked  defenestrations  $gy$j6T$nKEP7EK8rMHSYlgTuh4/M3ke0jjulZ7sDPM.JlsifHnO7hZVXMPCSPTVURq.AX.j$5ObvwwDQtScoMnZUykX52EdcbhAkm/VC97tMWc4OYY0
cracked  deliverer's  NajRbg76VTeM2
cracked  departed's  $1$yOnVdYp6$aQt/VZ6hGs.ynbuPu6b3b0
cracked  depository's  $3$$8f7adc660563cf68340280874aea4a73
cracked  deprecating  $3$$d9c079b452bcb1ad325c65bff38d191a
cracked  dicey  $1$kh.BKWYQ$r9NWsLoItQI3mIubOLHhe.
cracked  dinghies  $y$j5T$GhwZjIJZIQigJIu0i/bLw8CByWKKSCZnbeGwCeGOFEWhivZh69Bb9njeg60l3elX$.UxRjcNLq3WH0APUXpHBK.4d8fBFS1dvAIje0E5mFZ6
cracked  disconcerting  $3$$4c91b123059e4eac0f6ae77d02cfc838
cracked  discus's  $y$j5T$yftnRnnxLmm8dBk6rZtzF0yt0Se2eupkIzuZ0GJvPgw6SQL0wR5cMWc1WRiqxDcW$hmQVMKkj6SZ5dNM/DgFyDn4bLX3npWV8rXK6KVMtugB
cracked  disdained  $2b$06$gDeu3e0zFoAiT3duS8nYHe5ajI7y9xuGWeZ.ytT.AYqfnJfSvaLYy
cracked  disfavor  $y$j6T$lPuCVkhGXEmPl2XT9XCUFJ.946j7rGHKhGtnJigNRs0k1cyZapMibc8H.FAgEgu4$YL.sWnlpjPuwkChXMmF28pE3T9.6VUlnXup0LdA/mCC
cracked  disguising  $1$kmcEPjEW$fkmxTgYeHHsjpWdCsOyM6/
cracked  dishtowel  $gy$j7T$uDstFKvG1lwnx78mG1GgS/CT/AdpG5UWjY8vaZwHc01HLWKM6sew0Vubk4T2DSos$/hUNQwfzeR3t5XHQFi.ub0tS.HbvtNaKdGF8exKESAD
cracked  display  $gy$j7T$Tcx75De1ialb5Sz3Ke8htF/OoGwmAg4v.cpjknrgy3R0p.J9SJ59/8s62kvuBjr6$nlAAkEWbQZv0zUO9fEMmkWyiY.uN5DLM9cHoqqSUsG2
cracked  dispossess  $y$j7T$aHxyiM24nCmoFkhnI2rzpb0.7XbMAnVibRdGTjZHhFkSKWl.nKwRdvmoaRY8.Qw8$uM.BsRp/F9Iobg8KRkvmixbXIpsmD8Xfx02mrYMwMPA
cracked  dissonances  0z4ZG1NVx0CS6
cracked  distinctive  $y$j5T$v9xh2HSLSALnos4127zAGf5wtnm5cvowW3cyyy/BiDS7qFfRFFKhN4aNgyZ4JS/l$DKpw8WDS7PwUkrpdqBX6qfms9WpgFpGWZ0hMbh11iBA
cracked  disturbs  $2b$07$/5XG7L4J6MVUFZeqpeyVfOwk99TMJYoGB0lr3ohURMX3wAAmCTkeC
cracked  dogfight  $6$rounds=1225$ltjG3wwc3fhBAzlf$w4CFknUS5RSnplTMdMpXkKbrH12OoitsvP9r2881oSeH4zPLuwPj.zg3g7mfHEMcSiFPThhxX/YSL6dOieP1J/
cracked  domesticates  $6$rounds=1288$jiB5vQGLZZpj/22f$TPGlS.QDPo9Vb96Q/3SVnKjYOLEN1fTHOAi0IOewP7X0npVKvdOBiULa9mNJ/TDocL74JZKBWnqCI2aaMzV9i1
cracked  dowsing  $2b$06$s1CRr0eaAFzzoIJ1FBDxh.nUzbZmT2kEftpQU57D/cE5RbBs.vjAm
cracked  dressiness  $3$$1d60cade1b5e44c6fd47167e47d9d3d8
cracked  dumbest  $gy$j6T$GRrEdXAlq/VBNPrPOh6BAXK1kTkS0LW9JAJ7yz/PSW1m1Gi.QqBdggTDTvGEsv8c$GqyN9aRVXayYclQZXRaO1Jlqf3sARiFDPdpQzpJQDg8
cracked  Duroc  $y$j5T$L2ALjUhwc1L4uIe6cmJKORRui4GlMAxRt/M9jmF0818YSQyo73IscQrfJZxUCmwt$SWmL4nsZ4G1QrgKmtbVzSE6iBRdo7K.385amjTrkRZ.
cracked  Eaton  $6$rounds=1259$Y9PaS8qTP.OVihRl$xzzXQHj3/TTsfMCDLLluO8m0PN2grcUQZQBD32FquYh52T/AQkTvXaVMA0tqmT3aFqdAfeBrjVTH7/pyvNBbg/
cracked  eel  $6$rounds=1354$21ot3DL.dtS14g5k$hJlqXHZwdIQM.AKVGfZUWp2aol/RVOrsTicTrJxNiKJFfKGe9oxyKxtvSKynoHlis/ZFUK2FIKjObWGdWhoBR/
cracked  effected  $3$$761ee24335f38f5cfb173e87a632b109
cracked  effervesce  $6$rounds=1462$IRc1BwyVoMFaHw0x$WpjlF.YYNuZCFxGCx4D2NMs4B5X5Mnb.9vnHCJP/4FVljTX05zX2LAMbjWw0f2sJYjxLnI47ONTZyzorKOZGM.
cracked  emus  $3$$1e9edaf90d617d0cc1e7e01a1ed99ee7
cracked  enhances  $2b$09$c5it5JC0JAbdamHxjNdtOu8hD0vNffkIOuRjmo63o.eW8m0Xq3dzC
cracked  enlightens  $2b$09$XUUgd25SK14KH2ZWYcda.OVVxTOtJHOQb4ZwwJ/CXLguv94..3D4e
cracked  entrant's  $3$$322680d8e2b8e77427fb81c7357c9fef
cracked  erase  $2b$09$ofdFzy9spWXRb./Z0uHlMuZmWPStX8z3ig4dz.uO705qCqXSWt4JW
cracked  Ericsson  $y$j5T$2meESjJd1iR4dGK33HdYigQQLQTbB8zq1Z14Maf6OhsgHnRvkVQ2px2P1TlU/q7B$ffOzbP.NVXZ3bmopqyV58HQLtgi973346rkv62TvGE9
cracked  escalator  $gy$j6T$eVOJHwkxywz9BdlKwFoUGwF3XkD2tuCKzf6FrVYn6MZb0fUE7XY.sG4s/y.h84vS$j1uNDGmtSJhUYc8VdRiPNPMJ7daa9.nHHy0776po1e5
cracked  esteems  $gy$j7T$bFBzF49aeIl1rLlLUI5kuOTDnh2l9LjOFsCKpCqblIsa4QaFLZlerjH3UAhsIli4$oSCX18oMjVYK0eJNeospB4GSXqvG8tbjFSbnPGXZ9FB
cracked  exception's  $gy$j7T$0Zrd1IBFEiG3YVVMFdFkLmsD4A5fM.vQ5.dlCf1q.DaE3CzTSGDA07v84T24CvPu$hUtIGZFYQqkQPrxHPDDSKy0dLqtrQgPxmNy2FBiLGe6
cracked  expiration's  $3$$a41d1053d25d434165ecc58f22ec3bdf
cracked  exposed  $2b$09$uz9cfloXXXvQM4sDf2ZgS.uYvQVrk90UjiQkhlSZBXUFQDHcxGhTW
cracked  expropriate  $1$jBa8ochE$YT/AZ/uSGdTulYDAKtur91
cracked  extending  $2b$08$RUPZ4Faz4hck8RkkZd.U2.a1SFaj.D7sQKddD6GfPeW/Kfn7Tw9H.
cracked  exterminates  $6$rounds=1095$Xq4es47FOLcxo31Q$ON2U2czSnMlL8xKrMk5e/8ZHG58JLskB8.1UR.ubr20SCFPXg3YGIfDUs.5mmi67f5KTHFN/CydcvB/ZTeOTo.
cracked  facial's  $1$IICo5WAc$2XCglelqUA/rfhwMBss9s1
cracked  factorize  $y$j5T$RMPWBE4uvEGp2ZaI68hqh.rvT5rzQ5ZIVT.lK574RlyfNUlc6G3GrKqPGy.XTfcp$Q4DEKB.RZem4KgBB6DdJS8z8Cm1nFds/orRzvrhtFzD
cracked  faradize  $gy$j5T$6asaUglKe4ShbCUWaF2ZtrDiSv1A6vgFt4ASwu/foJf1v1mJ.PaFWCFatEaUSPt.$/nLZkmoLya2AMZRubrS3F0E3rDsMzIeZUdfEKa.1D1B
cracked  Fatah's  $3$$b2410d346831014cda699972df4f4063
cracked  ferreted  $3$$5d8bc2d85905d0ab6020907a16971e44
cracked  flattest  $2b$09$/Yc9Oa5ie7sPXFJITdyPROpzpSGRroAy6Bg6WVr/fOZL/RTTB9Y9q
cracked  flippant  $gy$j5T$1UYKCSGLZBleKzXyw2PjoRJSznVtQ/.HdPQGvR3rOqwh5eTZLey.kyTzOccvk0UY$mGO9Y0ge0Qr9rbgvNXIz./0OuMo7b5nJzrZg58BNf3C
cracked  flitted  $1$e21QvwQo$qsOWn1AxtDuVLlDdyzGVq/
cracked  frogman  $gy$j6T$7d1CnbEMo1fJkAWBfEHD.8eYYmkuIxsIuTmqz2CHujbw1/ZIigoJX1XsZJK1128A$3lWHwzvBms6RMAOaFrDCFbNSVZYTYJZg32d5Lp.QnUC
cracked  Froissart's  $3$$4f01777892eaf2fc15fbee6f1e096b0f
cracked  fronds  $1$s294bebs$6mQfmZIvjvjrv3LYM4E7j/
cracked  fumigate  $2b$09$5Duapex4B/BIni1pMp0qX.Y2cuohefpyfmeY4.5lcuWTMC7Reppjm
cracked  galaxies  $2b$06$nHcprgC0gMBRLHxQTF3.N.ICJU1Q3zo5WISgQcIykAHDDhOVH9WlC
cracked  galleons  $y$j6T$uXO5r.Pdd0g9MLXulSBCNyYwNkmWlGHlVp6/NsSFtge8TraPJfddOifVkXmGcXDF$XWcvdSH09CSCkAgetNeaQdeHio0VmAxqtnMdTCyCUt4
cracked  gambled  $3$$fa01e14142ad758e442789bef3cf8ed7
cracked  gamete's  $6$rounds=1298$HQ0NRs.lJM5CLif7$ouR52/Lgh37TqTO9iuEKi..Jbbf66JKtWR4OMgjgWlidt323q0S2eSDqJjGUZ9IR.YrZJDlBo6OHw7tnODmZt/
cracked  gazettes  $5$rounds=1176$tTcTnHuhHhUhEsfK$rtNoRQKjuTYRLD0fn00OOEPHyaRViY8YKnWrn/VEyMB
cracked  Giovanni's  $2b$09$hQFdfuZMSsqjJi/qnKUxkOq79F7X/C5r973tPX1mF.MEqo6iUI2uq
cracked  Giraudoux  $gy$j7T$dTc2xMirIwIKEEzJXg8duQLwZ07Btn6s2r0ragvzxlQMmrFj8lk21MRDy4W6c46R$inBvwQ.RPY4JMsQfE0wO5TXaRr/pp4FeF40VpbwbFP0
cracked  Glover  $6$rounds=1349$NddzV6ug.pfCUOcN$lARQTSbKtit0Ejwa4Vs8xt8WWbm7uXP9Fu1NpgRQCQEsPMjbo24fX.RUN6lzmg715vMhLyWgIPENBgHBDRoD40
cracked  goose  $6$rounds=1087$42ovsyfHBRyeZdqB$G6VXVZkam6UJfeDsQT.9VB0MLAIPoz6u7p3QOvqpSq29H6Wsmu5JSn0A3DQW.ich4t0qoZkjoD7Z0HHUYxKJC0
cracked  Gould  $y$j5T$SkkckXkUBRArPuzoXE/NywRJDM7ZqEEugXQ0kaTvuzfY69VJNKGcoawmDeTgZJXL$We82CktqtovJhNSmzsYL4fAbJ1QgEhLw3OthfdejG80
cracked  grapefruit  $5$rounds=1173$6QKCL3xSH/YUBFL0$sKjlVmbGDEVJOdtgMOKmGkn0LvOyvIOhUG90bNXd1RD
cracked  grease's  $3$$f86216370406f5daae5a335cd1bfe63a
cracked  grieving  $2b$09$2hej1QH5zakgT5xXNSNareSY5ontVSgwHSCuMhyrpOOI3acka4ZYi
cracked  grouted  $6$rounds=1341$AFJnIuLdvhwqisjA$CxxXDuKL1h6THTx/ikmXkDnQU5npm46FlFYXsgtj3sEU8qAYA.vqZVaATFyJr0tWXikZVwmyT153yFh5JLEvq/
cracked  Guernsey  $gy$j7T$jxJDog1ODsHs1zayzqP09bla.p.Dt/xrg2.ZIcajRAKSpK/VF6he8ROAsdzigkTR$iGS.pMoCaxfgIxdT75TxR44Yo1rF4GLklB6InX5ctF4
cracked  guffaw  $2b$08$TqX69m8ut6/sXInQZZ9Rw.VdDr9mymrt0NComulSe2gnOyuC0hOTS
cracked  Gunther  $2b$09$vQG3ImdIMAVsMVR1AUlKuu3a5EgucTzoOzEPwthuo3.UGOR4.QXye
cracked  guttering  $3$$16eb1bfca25055730ea0b02e2cd80a9b
cracked  gymnosperm's  $2b$07$fMay33m0GW6L1..zO1DJ8uxzyTdZSCk9143BMcDhna52ChnBBRWku
cracked  hallucinogenic  ap1yV4fpnW5fo
cracked  halter  $6$rounds=1427$ztpSWfiijVS0FW14$fofpVn.CTJ1H6Z9wV5aYSWEqV9t19pML5fbjMS1bmqfwsxM8oh4D9fzjFt.5umc7MxqvnMWDUKd70g37Aet1p0
cracked  handpick  $5$rounds=1414$kKUDneee7pM7fANz$OJvNaJ80v3DNFEWyaXkQWLXcWWRGF4aRC5RE9mA7Pz9
cracked  hansom's  $3$$1e1300385c4c6ef5248fb974ed47f0a2
cracked  have's  $2b$08$WN8OhMW5otkp1mL0LT374umFWAC4hogqhoPwSOVxGHTtYSFb2jg5K
cracked  hefts  $1$HUUuygQf$Yd5tLCMwzTQF245uASHwl/
cracked  Hera  $6$rounds=1032$HWd.bMKsXt2rGWGr$vVW1SDvRvMiYoIYGjx5kqu.Wi0bFEt20.MVF.b/4yePvuHFwhtyElm2qDJtjgT0HmmMuyJP7lyFSAaCMWjgqS.
cracked  hesitating  $y$j7T$RNoVZSCEOlW7MaPj3tETyVcC.1kvwnrspa4.yioNOJZXcQ7p0KuXJAP8jQc95CXC$cwUgVKUXiniYSpRgmPjdRRKW33Fir1o618vu3Y3xwyA
cracked  hints  $y$j6T$O.q074hZrTIBGThsQApvVMrEKB8hLFOXS0QIaaQXTr1K3Dstmnwu833wRUHjb6le$f8IZ9VkulgwLFus.4UeU1elJPdKE293DvTVurkXFb/8
cracked  hitchhike's  $1$Anvpe.Zn$k1nO4BQ4j824Iilnfcr9B1
cracked  Hohhot  $3$$0a46cac45e796c2c908a6622b69cf1c5
cracked  hold's  $y$j6T$VL20coQ6J5EGEGS0zfGhVyLU.ydn/5juAjke2sl5s.3Nv9xIMOdF8Jy70fN.L3YF$3MniacbiC/CgC0NvnC05lWFRfq74ksw4klk8QctfQMD
cracked  honeymooners  $1$Cdo4CnCw$tXmi3HtbvtYHClpk0KTBV.
cracked  horoscope  $1$MoEiTwE3$Bs2iNHTsstxPiM..J3xM1/
cracked  Howells  $2b$06$6k4Gqd53I3kRTsM2YKWaMO1/lrsyRGWk3UtPw.mPr3P7jKUZNeVhK
cracked  Huffman's  vxM.A4AGD3/Cs
cracked  humanism  $1$SKFuUnrd$7GtTLE/h5udkTOFviK//v0
cracked  Huntsville's  $2b$08$WOkWqQaXFwpQomXBzOVQ1OPOKhOXi/sjJdFNWhGSZLzvIDkMdUsE6
cracked  hurl's  $1$DmvJhvDN$n3xCQzkWtU/nBKR2wJ8tE.
cracked  hypo  $6$rounds=1334$UxWXNF85xHpbrRja$j6bBJzqzFfDlse147khmxLCRPP17vv1sLsS.1bz7PYlj9NTo51SOR5etjEWD4RoFUjPe.IP7XIHK985t8E0ZA.
cracked  hypodermic  djzg07SWScirM
cracked  iciness  $3$$7e566c7a070e79a6428d4f3ac44e2969
cracked  ideally  $1$5zx2TnVJ$ccT2nLErmu6/QmVjbG7gW.
cracked  Iguassu  $gy$j7T$B/vILzCWpwuzzBr/xzSQcX0poAJp6dwaQ47U2giF/FXzf8wK7f/pwYiZOUA5VaGC$ioW6SMCjxVAaYcekNj7yO3v6ZmS3qeq6kJaiQgpJCDA
cracked  illegitimacy's  $6$rounds=1124$GUflFyYDJqohKoUG$thZyInGdRFnLXdHRGZ5dYA1byOhoVA4A17ev1zg6TdcmImhCdz2oZJK4E7lYbYrBmig/0PkMJZnkcLluTReGR.
cracked  inappropriately  $2b$07$gToukfBFyGCrIytI.khAz.JhCYn5inik8k5gG35HPokPti2rLYvde
cracked  incarcerating  $6$rounds=1444$DniPrhxcdjkDZO7g$gnWdG4GGTVEajJoZVGsd4.MDaa/Y7dXQs7MnICLC2wNdWlRZTwupmIOBaUBL2FQ/k1khSgvVtCFpWn2vTL4eF0
cracked  incisive  $3$$76dcb7a606b611494dbd4d55ef8034ce
cracked  indigestion's  $1$N8EbBeAZ$sSVGJ4h8w8VSfvVtaGgEf0
cracked  inducting  $6$rounds=1109$mRhCBZcjTnDkjHf4$oLu/F9hzOvFHVySq1mQ7.kzRKFzWnlRYHTCQtnrv3ZU/rs99XMuF3soUHgp6DhraKxbcGj1iADoaMtd7L3LuU0
cracked  ING's  $6$rounds=1153$DAb8F3MxPiaXDaar$OLErqZWNU7pVsDdEjJ/3ADeEVcKRstP3tOi68oqCPYBRE1W5sZddrGnvx3hfD7dvv7LdfVRVZ57g5fC53o2ps/
cracked  inkling's  $gy$j5T$Idw3OHY1S1ucTrRXmrPMcBA5wJ7CmXh8CHrPOTu1STkE0z/SquJyhOJYmr1b072O$.OCRMtyx2/heSRZ0R2tsgzmrMBve/yBTtaxl9AK0yq8
cracked  instigator's  $2b$08$qDXrv2mnzTM1iP0KGeC2NuVBJ3UGr0t5fKaAfVv.ZY181thuIn1f2
cracked  insurer's  nSWBO.rd.FzBA
cracked  interconnect  $gy$j6T$IyEwsZSrI9rJSZP0pDm1k9p3Qfk6LlBgb9T89t4RUhhJKg7kuKsW0rNJLo4cuFQu$meoFrEoaCmtdY1YB1CBXe0.lmR0sSt970SHTmBN1TR.
cracked  Isis  $3$$4824d933380673f4be4c160a7c4ed1e9
cracked  it'd  $1$KPl9hckn$SN3NdgcBL.JswUqDsFPAx/
cracked  japan's  $1$ILfl2rZU$LBhwQUBZz.sJGFDX7NLVl1
cracked  Jehoshaphat  $2b$07$d0uRzGtfRCimmPqJwbpnG.T1cRdtn.PDHzzKTwas9nvEfyRHmAuzm
cracked  jeopardized  $gy$j6T$KJLZaeWRUx51GjiQ./KVRN8Hhmho4SMOOlo5nfNwQKZuy2V8eD7.3J5Oyu3uXlnJ$/TsN9oTMatGkShtI0rOoySWMolGrKWJnOx/9YUWnMaA
cracked  journalese's  $gy$j7T$ePuZqhtB7/1YCd.7jK2PAJuqUgHFUVAotTsxOqDNp.Tsei5jJ6JmQ1wE.9X7VsMk$ulnTaJlUrU1.sszLdRNw9aRyu6Q9nCYjVQPzDOoWVq5
cracked  jowl  $6$rounds=1296$Wn1QqCVLL4VKdmzQ$jrWTuNuq/HICn/lyPJww92TmrRtUE6p3ID4G49znH5uKjcrV/rY1/txYdsSF0n6UV8hvFVyZdvV/afXz6bykP.
cracked  joyfully  $y$j7T$6wpP5O1bVa7/zppIsYLhqczzSRukP9WaYfBoHz9Oe2AvDl2JTr7CWIB7Mg2Dwm65$X5GwUoKcY7NxfW1N/q2q.2vBI5rs8JQu7NXaevbV8o1
cracked  jubilees  $gy$j7T$rTJF2m/50HHEUz.VqW6Li3522s05JcrjZNWRBcgVs9RyiSY8yq7Q9FlogfyvkOKq$ATZHinUgTg3eznuOtqeERVOyzDrO9tizg.jXzsP8kI6
cracked  jurist's  $3$$895a21a0a60a1b676bdfce969c304dd7
cracked  justifiably  $2b$08$jUhMsjRLe/Dc0MX/2D2Ke.6mYXxWfpKsaR9GIdHSdFBaTNDU00H0C
cracked  Kaitlin's  $5$rounds=1391$rRy9c.8OpLREl.6S$flXiIPYWav8zMIKnQuKu9.7YGrFewXaG0LeivaCZdK0
cracked  Khoikhoi's  $3$$86bd4fa2cf4a9175541493962bb56c40
cracked  Khyber  $gy$j5T$BVcw7Hz/BR8DJbToE6eLmPFX4iy/iz6FwlYPcFg.eiiodtiCOmldXC.2fZPllQK1$qlUC2TBKm9Dk5n5AmgYtcFdJolht5zcZ3olOPSVHEi4
cracked  kith  $2b$06$46B0QcDSv.AFx9uc/DgVo.O1wyvXnWWxuiCUYT8M9msF1W4V8lbVO
cracked  knave's  $gy$j7T$k6M95RCwBS51RRn/Dj9UknlNmDvjNSEkTZpcFG7fuqKYC8bnH18osr92/HOLdONT$C4Qkjm/zG6kA2KEsWwzXkUDNZqQHEt4OsIJ0UlZHmd5
cracked  Krakatoa  $3$$f61fd9e2dcefc4effae63192d46a7cfd
cracked  Kris's  CMinZcUU.COmQ
cracked  Kristen's  $5$rounds=1348$iUqBKejjN7xh4Iwc$0herMjMtaWkpkrdbommwqh8GW4MXHHmxUZo1s794165
cracked  Ladonna  $y$j6T$OWreJlgWH.aRc0UUx6h5/3nKoAq2Yw04vpYhbrFShgVTEL3GlQ0efioovGCf/VNn$/OcQhiwaKvCSg9FPTv85jIlPH6JgDe2F/yBRvK6RwL4
cracked  Lambrusco  $y$j7T$O6U5KheKUYMxkYITYF5M/KJ2jYtBn45XtvlemkdP.WMmFTjhcNu412erMAXSjVuM$iEVf0Y93pZLBcUKbwrOrwRbfQ54FeXWwC0Q58TLUss2
cracked  Langerhans  $2b$08$eOOpe2XaBeuo3G.nWHwWvOsjcOP6THN8mF/en/wNh8y2yPp5kO4L6
cracked  larder's  $3$$6b55e2144f87fcce5b734946afe14e35
cracked  last's  $y$j7T$6EFgkPzA7/bCW./rPB03Mp6uorQkogHWc5cHvl6rNQfKZcZ9U1QyUlQxqOsDyaMD$.NO/abIQ/Nj9r1sKWwvQ9Yy5ol77gzh6BF1t9uA.0T6
cracked  leftism's  $5$rounds=1454$U4K8mtI.nZCv.Krc$ehZw.8X30Tj7wzI1xl0KoP/.50H.xcL9aDwZjfS8Q52
cracked  Leningrad's  $y$j5T$P8PDCfiNDKkgFlK1f7hqKx.eh2vj26/r1K2.oLHwo032qHLi7SW1lwBAtZi79fE4$zoib7c.PtbhV2hOfQzoxkC.vklV9NtGrKhe2X5XCbA9
cracked  Leninist  $y$j5T$y7aUC14HBorMIlx0d4LGD6meBJ1a8igIytgLDyaCDOPSiOb73G7RVtDfIsM20qY8$yz2q2RuRdTRbiKLKZ4ZYCq..FvVBtKjqB45TX.EV7jC
cracked  levitated  $gy$j5T$eFLaPN4MKNcUVgAB5zvdDHt0xuxD0EyOmLyNXp41KejznYHROuZ2/YCHBN9n5Km9$CNlhcauVh/rLrQd6354ZW5.AMrvjwVmbv/Dk8swk1.D
cracked  Liberace's  CueCrcX54aj56
cracked  Lincoln  $5$rounds=1069$QHexuQRCyOJbHhOW$sZ21x5XalPaX0b4gEjSUu5FLlk7gGrF6dmQazRa1K5.
cracked  Lipizzaner's  $1$lXirhJVm$X1uG3YwY/VeiimKLRIao/.
cracked  littoral  $y$j7T$6lnw71x49hFS73HC4/Oid11a4BGpf2b2XGoFCEcmgVctqP.meezfwZj6N48hnZaA$ob2iZUtM8KhgAAOBeFqK0TAu50mt41chadLNM0PHu07
cracked  located  PA/9lKKc52FPw
cracked  logging's  $gy$j7T$f47y8MZBTdss3Uxi.TO8FTJaGp2GPJUdZXrsd7RBwdO0AoNFHLjYvGn0SHDgzGLh$/w2prqCKJJbU1J/J0YSNiYeGLnSkI/WW9mufyoGkmV7
cracked  Lome  $2b$06$DfUJwOTDw.dfPy7fMRCg/uBEsD9aCxgV7pg5pWcwUiaJ8VimOONkK
cracked  lots  $3$$8d6acdc0b83b6bef378679876db29692
cracked  loyalists  $y$j6T$tqXjW98flsXoiIR0owgg1R1Y96tTd66rZfwi9C4SiRQSOngUpng3fXAly38vtCef$BRHNteK7Jdi7uKtX6llo0K7.sgY0p7/cHGFTuQNmZIA
cracked  loyalist's  CCFG1dlBs9XYI
cracked  Lugosi's  $2b$06$01q5j3oOq4J5KDRmkyRws.7prlYJyDBoY26Ll5tTpO78yxGs0ab5S
cracked  lurks  $3$$083bf9a4fd50aee4fa6ac68c801dd83b
cracked  lyres  $3$$f9607ba9086c9f78804165e9710dbef2
cracked  madam  $2b$06$.JiNVVCI4GpRJ0h4/lO..eLQeEJEM3H2sB4cePastDFkgDZM4v63.
cracked  makeups  $1$EBXchmn4$l1YCOFtZdt0QdZO1dtr8r.
cracked  malapropism  $6$rounds=1140$g4C4/V3UfS94Boot$GFxjZYeGtP/WE6Jcw/Zc32g6jKWyt7YXdYSB67GCPEc3IY5aWIXAQwXXmotQFQqi/XoXiBG/FOgVbvcHBVizT.
cracked  mammal's  $2b$09$1JBjBiyItZJfRbgn7sY9muJVnBz.Sr3LjNm7WVVWdKQrtijBF7bA2
cracked  manics  $3$$3a7a4acd638ee8090191ec3aee53378c
cracked  manifolds  $5$rounds=1278$9.7sqzpluXn9Ht0Y$xzGLus7L56r1B2snXLetgIu3Eb83nG3EYRjRj4J/2d.
cracked  marines  $5$rounds=1058$8WGqsRjE6wmyT41O$QG0nyFRHmpleXIoYQL2SlKovKIURyW4PLErowjxK225
cracked  Massachusetts  $3$$0b054fd54060a97c52a64d7e333cfc1c
cracked  matches  $2b$06$RSuG8LMdEejl/Xw0m2VN1eP6VU5iz66BwhgnPvxycmrClg61Dakmy
cracked  materialization's  $5$rounds=1084$ZS/9Jul9LLHhslQl$1ycBfS0giBTgyU1Sf7ulVq3X0iGAMGsQak69rb9N.bB
cracked  Matterhorn's  $3$$4979b63df3551e5fcc6bff02a4eed966
cracked  McNeil  $1$d8z8tQAZ$NvqD1tzgFBUUpKwizrqEj.
cracked  Meany  $1$m.ZR5dHU$mc.aI3uPfbDVOyrjlc9Li.
cracked  meatiest  1kqtzlmt.aADM
cracked  melodrama's  KNj7SZZknjoGA
cracked  melts  $5$rounds=1195$Tk9Sv19IPxfx0QGv$RkYuc6XnqG.aFiNmvvjUbWRLAfSyqKxKp1CHdFq69oC
cracked  merino  $1$yak/Es1L$HcS85HF3wRtHVNrMukblD0
cracked  Mg  $2b$08$X7AqUKowA6oBajSLU7C6EeU00R9GYzdxsD5iTHG90UvKiczXdxTkG
cracked  Mick's  $2b$09$sA0sfg9iXQbFSi4RwMPBy.ImX3SvKmBaDjhehnY2uw5kKTHm12GYS
cracked  militarism's  $1$7j5DW63e$b72ovrRP1AIonsNMRZ0ul0
cracked  minnow's  aWp6a1zSYdXK.
cracked  Mintaka  $5$rounds=1008$rLPOtShD.7rSOAq5$k4/AUjDNnmRylwMNhEYDwXpqhoI528hejVeD.n9PaD2
cracked  misplaces  $1$9WPde4CC$OHeazf2rJo3me5PeJn..6/
cracked  misty  $y$j5T$IKG3zdhpgpwrMi5tNZmyBC0ZSxTUpjHP6Q.duhg7UiKt21c4M5BJ/Ks/4Yai1mp4$s69FIrNTM3HIn/EYujBOq2VmBoQsBEvZTj62lO6SkE8
cracked  modernized  zInNR/Dl433a6
cracked  monastics  $2b$09$AQF3sakb1j0r1iG9HhbD6uhvUiz.qjzlXLKDDUV/OXZLyTZL/HmVK
cracked  Mongol  $2b$07$uj1RyJixZCY8lwawXbE2ceV2H41Mcp2M3Gh3VCWyIN4jOId1kBgrq
cracked  monochromes  $gy$j6T$mxDHY48EKWEX82M4YwRjaHaadN1AGLGeR9AXiPkUqUL2ZrWfFklUK8TSvHV6UgkI$xwbfRMJ4EhdSFu/Hp9c3qOpZpFq6PgD2HMjE09FUnZ/
cracked  moron's  $y$j7T$S3uHgcTtUhRjpXjTJ5jqmiHULE0YwYh4QyUtIKkugq1h/E49M9blBUwvwJjk/SQT$cm0uOcUnNvmtYZbETIaD2We5qIGIGSlnQuWigMp/quC
cracked  mortgagor  ChiW7BhpxFAa2
cracked  Mozilla  $2b$09$RXW9XAoWyy8XVhNqGfnKs.yA7Oca01N4S7KEy0q8KwFJgcq0TGavi
cracked  muddiness  $3$$2fb13b9b841149c9ae54985ba8b76d10
cracked  muftis  bLrvS8KW0VEIg
cracked  mummery  wEnCq/9O/V0Js
cracked  mutant's  $6$rounds=1477$BA/jW5wpzY1Aj0w/$gz.kVYQwcX/BXwBXi2WVSmk0AAHA.XULCyjy9D2gUk0sHyZ6U9Vc05JQ8e/7VWRaT4e.LJ/JU.wXEsEDz3B.t1
cracked  Nashville  $1$p9D77s3P$rwmF4A32Orh3zR4W3Af9B.
cracked  national  $2b$08$ZWYNt5NYTzQ.PiWJ754Fs.KdncfbeaVozkr1ZgT0gsjw.XI8wao/O
cracked  nearing  $gy$j7T$Q2FcA6OcUyA07enF5Ds3BCIFJVASYINQGcbFqaBrbxvhLU2sZ8Ck8VVx.kz27r33$V/l/cqtjb7z/j.qg8on2X8H/e/nZTAe3Ur0pK6zu4cC
cracked  Nicaea's  tj0a83nh.FMoE
cracked  Nicaraguans  $1$KzUUgbot$70cCte7shy1AHTT0V4.jg0
cracked  nicotine  $y$j7T$b0JW6JvqZYOUsHN1FFdT0vEG0MN79ZQZDGKTgzxBcrIMNppqiPQxVowznfE6T2mg$cruQ07O3xDIZcwqO807VgAeYUNF2xtm6ys4MfSLxi81
cracked  nimbuses  $5$rounds=1347$YmEr71aAR9H/MPTa$w3nnKBr/6x29Tth2tjVxRYaRzyGsdH5i8kdrQW152Y1
cracked  nonpluses  $3$$201155f743e9bb103ee94ef775e830fd
cracked  nonsupport's  $1$dwy5NQg8$XjeP56oIVEt1dEOUJ6ssm.
cracked  normalization  $5$rounds=1041$9v502YsM3R5HuRkJ$EEAVsvUcDWzH.ID2fF59ekTZ1yHHlHDK.08LG.RU/ZB
cracked  novitiate  dX.VJfkHMMuJw
cracked  numbs  $2b$08$3BHcRfIBctNLRFwij4sY8uingA6d94geJmQidlufTOrH9LA8N/yYW
cracked  oat's  $5$rounds=1221$Z/dWbrCW21m0rZOY$.NC/ZavU5tHon8F9IpuZz28TCcUkQN2EDlSuJFNDnU5
cracked  oblique  $gy$j7T$yo2sRPafkw2PK.Y6MPwIbqYUQYKdLPcvb75sIXZHbO6nZPEaR5yWaWSBUlqZDcpy$LJOGWcxO02BZ3mR30pMUE9smgs6qMAXM63udtLNA0fD
cracked  ohs  $5$rounds=1325$zRd9raYiAcsoDkF8$kk/Kmvh52Zo5IQPMTJCjfgCB6Ic32IKeaf3vWXxmV4.
cracked  Ono  tDxBTgd/VxyxA
cracked  onslaught  $6$rounds=1358$wIp32.8Sh0sSPyjp$Of2P.MGQummzKqJiB1uVJKZk3eDZzA8ZUdi4TpSvfDbJ2ozWNN9gt9SWYLvA9jtapkB3UYvutIfYmbHLPDBzt.
cracked  ophthalmologists  UkVTKOP5xhWJ2
cracked  orioles  $2b$09$cOIwc6CEvycOwY6jyyE3lOBqdbm3qDYcAx7H9Bpkh0EZ1Q9ReKUoe
cracked  outfield's  $y$j6T$fmjjohxOtSqESEYvnuWTQl5qD/6giAKi7PTvuswhPgYKN2H04iFwMhasbD3UcaBa$JhqRdELNFoVh1DgkkRCA5lBoN0gKMkAjPaK8uUyFLj4
cracked  outgrowths  3L7ynhevNhfcs
cracked  overrode  $1$ZmQ1dLeG$I/blS.0.7H2dmXvpuPPET0
cracked  oversaw  $2b$09$hqpvq/fbfIo4XCpQbmNHR.oFkQ4sbV682EbQVVXufH95Bu08.wfdS
cracked  ovum  $y$j7T$mbRBNKSs7wQDJKvbZoYxK9JLW2NS7mF.3xvwgN8MD33VTIAuayZSLogAm3BDW14M$MQC6o7ikMzT3uLtY.ZAjGphgMzyXdWShIZSA7jHtjF6
cracked  pacesetter  s6UXf3ahyz5Fc
cracked  pamphleteers  $5$rounds=1475$..NjnNLsNbbrgu3U$8XPrT9MAxZ29rEFBkIknpW3KQEM6xESqdfINrFgH7aA
cracked  pant's  $5$rounds=1045$R7R5WJwYvh0fpL2A$TpI6wiIgxiEuKSSJ/VdbN1S6bldMPifwZuEB4Ny4lY7
cracked  pardon  $6$rounds=1168$dotmuZq07CVgItLx$weLmznXM0DGR82tx/TE3xksQjskqT.yI4gKDDX4.f6aubvlq.wERRFe3jgjettv1oSoAoHdrLh6zcY7QBVC6B.
cracked  parsing  $5$rounds=1158$2NiJfg5LSaJ4A2Ko$14KGayxUW6V.tluRsEJ9jzMUeU2KY5PUFJgrdigjmUC
cracked  Patagonia  $6$rounds=1233$d1ktEBarY0/FlidY$b4ut9WYRhbGB5ijZ2Gv0fvWvFRaupopshaUMCjxGzTtVv2wq9IsLmX0BHwANJCxRtZYEmRhnAzKnM8pelBEsc.
cracked  patchiness's  $3$$6969b6ab9073534f99e664e5a3699d17
cracked  patrol  $gy$j6T$DBDrbGvlRuw4cG8JDb59.pQ5bdOZs2FuHPF2uh0hbT3VzLHYK1KuWA5/ht4LKFPM$Oy.TIK7T2eFF04B4jMEjjLEFyZeYwjEK.gXzi02x476
cracked  pavilion's  $y$j5T$/hrGVLYvslGqj.DwGV6OafPHQztDKfQGVC8X.3nkN1IXy/EJjoo21Td7h9JLu9.R$.wvl9jJmzkd4sSxXSymHK/7AfOcTSXw2ctt0E/LcqOA
cracked  pearl  $gy$j5T$NJsT4j4QH45r/GSYmVtSNK5JwLD0gqrLytHEC70yAoZyuySBmf1ph0qgogtQ56fX$Cc4H7J0u2UeNswE3pTAUkbZzmlhDoS.ZGOQchmuvjR1
cracked  Pearson  $1$OtWJZ9ia$ql62lwCUHtL/5GOSGK1r80
cracked  pediment's  $3$$6ce1bba0c6ff7297c3077e5b7730d5fd
cracked  Pembroke  $y$j6T$eS9EuTp6PR4ynXCeOkhCcqs/ofhdNKfUw1IHBJttNomeQGNUrHh5nk62uBFiOSnH$czr/wjcra2Tz/.HoNzLxKsG/GAjwDSptmgRRFMaKIN.
cracked  penitence  $6$rounds=1326$IFx68IJ2OCl6OoZC$CmzUDtz8mfTRNg4ww3Ub3JB1zrKxXcMhCG/iArvK2bdoXckLp.Kpy0wa87zIgpl3vyL5/cplbuWKB9GXB3WGh/
cracked  Pepys's  $2b$07$6uU81S7ghbeJ20ScYLuUV.Vl8G/e7ownsN4XXUg6eo9I6upfUP4.i
cracked  Peshawar  $6$rounds=1359$fsV1EutfmTeJ0eUI$oj5yt9MGCX3ynD2Qxz2iTN8kdwFByAFBecJNW9d84qVaF/tAYgcDZPt0SL9N2.pyjQYAxL.5Bq/yuf17Ap/Mc0
cracked  pesters  QEQP329zTm2qI
cracked  phoniness's  AG/UKt0iO59nE
cracked  piffle's  $3$$ecdb81f006bcd7095acbb9528b6119e1
cracked  piteously  $1$a2Fqwc5C$z871pgCpK.XOScCNLUNph.
cracked  plank's  $2b$07$tPCUBu0X50GYSl7cm9knyOdfsg.sUSDkyHwYQYM5GZLvNALIjZ/Pq
cracked  plausibility's  $6$rounds=1423$TZVG2Oc7IC7JA0H5$voHMAS.7iGQMIBjw8hlOqamfa6/ynPfFACEitxkVLu8SFJK0HIXjucO3OL.SFKCZAgblCq6pVrsbtq2YHb51Y/
cracked  playbill  $gy$j7T$Z3f76DVYh41I.G4dIR/Dz/F8XQEKHZyeqWERwvH7dprGJvf/.6BWHeCRE9Ncukjt$G1E8UDWdaPTe7.xgaNu4.QwQX6Hc1kPE.b2v0Te7Og/
cracked  plow  $gy$j5T$yfBdULpvH229PkWC7qNfpQZVJ.8McpEddkoHtG/lYxc2.GWZYNjHSTALXwGBWcVi$igOqwdFv0lxac8d7c6pYDkIr.US3MyTqgZSigwnP3fA
cracked  pluralizing  $6$rounds=1174$b7LXb7fyVu1LMBiI$s6ifrPsU1k4XF0jNOjfRQF0ZIwnxtU.XMKXAJD6bzW7E/OzIShlqUZe3u55vYyFA2yvzwkee20zshDWXzog081
cracked  politer  $1$2bvhDx3O$5A.iImelSPt5CCq6u7Kf./
cracked  posting  $5$rounds=1033$zXVCdUSE8dc90jYU$jyym/.vwWQRQkY/lPC5Zu/oYSn5OhlFxfDGXBJ8G159
cracked  powwows  $5$rounds=1408$OTIQgst24g4IRlTW$yyxIhHgjl3HKUcytSoENICz7zs7yh/T/R9agpSb4QT3
cracked  Presbyterianism's  Pv2rmRrsEciPE
cracked  preshrunken  $y$j6T$9jcW1YhR0xeYopshIQUF0sML82qa7M/xr92qqbzBplNY/NOC/6M1UNEVeW1xGCQx$mYvwCDItckOGwM0zoqhEDnoTA0HnGr1.k60HT.pOaV.
cracked  pressured  $3$$f51bec15112addb8e565f63dc68861f4
cracked  preventable  $1$qz8yME9W$oX.MzXsIdnTDX0cwjiqxF0
cracked  Priceline  CdkNI3rZVZY7w
cracked  pricklier  $1$p4rghjCH$OSrRpP/QR1yAgwVbBqqwP0
cracked  priding  $2b$06$86ZKx0r9L9W2bJWoPg.kcOcQeOa7zmWLxZpEKntbzq2Xgxg0BwQmy
cracked  profanation's  $gy$j7T$Ys3rARByq/a1vBlTo8xVz2SAJtW/77ENKy5sU2aedSGab.Qrl.knE1ZyLfCPnmTo$GZdoVJp32j1X9sPV6M2kbg4p71jvTh4peyopDDOBeF0
cracked  prominence's  $5$rounds=1214$VOJ8grUrMIWiP.tF$PwC3YEo1a9elFrFdZvVAODh8QlGn3Me97WzqmAAAB0C
cracked  propagation's  $gy$j5T$WDXRGmUno.R2Hd.rEuwYrffRV77F5DsxGknwRpFUzwTpgFsKpUMD2i.kfEXTYgFn$XGDlDvmMwU7fwEECcSGWLL6T7ntDqOYOQAWZW.dO4eB
cracked  protested  $1$lSnQ.5Qt$d.IzNMot3os294327kaFG.
cracked  provided  $3$$6d635007d603fe17b54876fa98c4b2dc
cracked  Prudential's  $5$rounds=1272$hgQjWEEW6TKtSlV0$cFZu8uwT7yxs6fNnUn5WOVDFkt4.oXn.GUsr4VBqwqD
cracked  punch's  $5$rounds=1432$R2dVtlyYeLW8rHPD$Z5w5hj8M.JpqEiZvBGAxN6Zaap1WSk/eSORxDPj00XB
cracked  quavered  $6$rounds=1425$Cg6T.5ixkzPWgpM8$TykCBW5QF32RzffF938/oXKqKA6eaTZeEkngIHczaY7naBRh5WB1nFVDt9AFm4SCxgKNnNk9X1WCAG1paMdoV1
cracked  Ra  $2b$08$4At9LIjM2Jn4O1FWtc5douLmrXm6FEAPhcsaqdjH6KFfCVXGWOWgm
cracked  rebelliousness's  $gy$j5T$XUrGG2w91qb1G6E6SXobDKfuCUuNtcRSwLBLhEF93Tyxo8BIPyRYgFeoH4FjBfVs$DmO86m0.J2dC0yDRZSaIXGWmwlbTm2NCw/J90Yot6v0
cracked  reconvene  $3$$42e7c7fb1d1dd1bb2d88c55ba946fc91
cracked  rectifier  $3$$cce35fd0fd9b6fd24e2b46a669dfdd95
cracked  redid  $5$rounds=1311$75e9viNNYeEpD14u$F6RCl.ouxQ.rWSCfPJEKsg/auTgghkH/frdZpkYDHC9
cracked  refinery  $y$j5T$MUE3B6icJsjBwzwRCw3LH2AXjpKjIPlFD8Le75.jikTKjzLr2rl.MMlKnuQ1OQA7$emhJwMw5fEShsE5hvvruEZF4g0YErhbTNGcZxKT4vN8
cracked  reforestation's  $6$rounds=1364$Hxu1Nht1Y048JkWP$DPWzD2LpGn1MoxjQnuGYlsouZYg/eXpzjSDvQGXXFK0C.u4dDQraPmI/hDu7H1B3Y2tfGROC12UBi4w4SQB1s1
cracked  refrigerating  $5$rounds=1348$Qv1HaeBXU9h3nIGw$wJbEm3Gau8j22VrEQe0RtrWvbsMtuGMQPIANUPUWPB/
cracked  refunds  $1$Tje.Nygf$7rbTBf7B3ImlJg92YCv5f/
cracked  registries  Hi72.f00mF6qg
cracked  releasable  m3ZAXrVYZVx7s
cracked  reliable  $3$$391dad87e84543d757417120fef52553
cracked  remortgaging  8vGNdL/FY.nTM
cracked  reproduction  $1$puvfJ4gM$2z6/KfBvizeqMxIur5bGe1
cracked  resp  $6$rounds=1195$O6jnsXpA7HJW8v8w$62V/6ePN0Ut7kosA4Tx3cyseAQkeeXSQZUaFkgZ1y6AhblN8cLqvcsN1kXlZOZc.R3/GHFlzZ4Qk/w7WzLC0Q.
cracked  retrace  $y$j6T$m7ye065kFtP.N9c95sWUeteSXSiMt4wcDcOfvqUZkGI3gVCbe9LYIsn5u.76DJiZ$0qUdv4RYvYsYdDn3vZiZYvt4UWjpY7WzgKQubMS8V.0
cracked  reunifying  $y$j5T$d5SbBBKeMIuQXe8sId0tQVdy7SYm5ZE5XzqWksoO.ZUMi5VGCngHye6S8NVHC3dH$lPGpsl4W0Dy123V7TSh6P1yQc01oqpp3g/a2GCP1zS.
cracked  revere  $y$j6T$0b.XYa94yZb2PaphH1LEOqqMee/Pq4wTWpcHaPq7qS.Erbn9nGBcyl0UjBI.O8jr$BR2vGVlD69yNzBNgo.oeAs.IPPeNApQ.u2dFYbnc5e1
cracked  Rocha's  $2b$07$BkfwwAGABHL2Flaxj7jKsOGK/SHpg50mstlJkGgHP4AspJd7BBOAq
cracked  roguishly  $6$rounds=1293$JAgqZWiFlPsKC.0U$xcrQI3YRIVvB8BxGn1RKoMnPKRvWWnSMTgsf3ZGbZ0gBX6UEF5o.tzhaUTcrhQG92J5jsH/TeM/TnlyX2GxOE0
cracked  rooking  $2b$09$eYZ673au016AyPIqeJoy8e.bArWNMspK4tue9QlzaOyiBw7lupRYe
cracked  Rosanna's  $gy$j5T$rlIKM6nWUFYCQ3KR0hqxXJrWgYdflYyfc8UIigC5hTpZVVxQP5bniLKc/b7ouq21$zc2OeGDxrDB3.5RUIbehKzxbO5CO1NDLI1oX6hxOSF4
cracked  rotor's  $5$rounds=1367$FQHHtOSw.Gu/2TQa$.pjud7du.X9bE9IUGZ2v43xqcOtdFlJXmf1tmws4ja9
cracked  rumple's  $5$rounds=1006$XCNlO1C0ktb/4.Bz$CpBCCh33gaTTGdtoDbZBkE9PaqkB9QfelTKK0FVKLh4
cracked  Sandy  $y$j7T$vk5CHBaJZMPMutm16lDavKGyQ/D3HTvaDvXgpw.ojTAuuvRocXvXcRO31zCDeK8U$KUYSu7VUjL0XG0lEXCSe4g6r6MU15jVk/pes6LMcHP/
cracked  Sankara  $1$Zo/9/X6v$xkfwPdKp7WRiH0XjSlc4P.
cracked  Sassanian's  $5$rounds=1371$ezKp4G2TcIr2A6tu$2lYwmNiDyNZYfkTxwtd2csk2g2b0Y3koWgZUIv7eh//
cracked  satyrs  $2b$07$78xRTt0SdTJRAuV97ycvRO0oFb5Jj5XKnVZwV5ftzsdmLaTkv5WfW
cracked  scamps  $6$rounds=1036$mAiIf3mX66if5k/R$Xigjok8Gpt0Y04UGYXPQmlr.S8gth9lzeDXlHU9ndIB5hg0uySCf5R6iDgVJD0VAyZ57pqqKMKBucUHLnEIqN.
cracked  scatted  /PgUEYtMbtU82
cracked  scavenged  $5$rounds=1328$wN4LLggCB9I7/A93$yXc1..8K3U.U19.hp5zXNKb6u1ygtz1mc8wXyWrdmM1
cracked  schlepping  $2b$07$ujLrKRjB2wqL9UdADTafJ.CVIekHpVynqSfHHGRmmCyfrKJTpjw0G
cracked  scorn's  $y$j7T$9eUNgFmGZCNSEbSfRH27bLHD4kGzqPoKM5fyMuXFa7JtBALJlmr1cCHoiqfYRM3m$dDbttTXzf82TD4WkkZMl6kcrKfLT93zcEJMMwMJ9HV6
cracked  scourge's  pFsmJn3JJmi8U
cracked  screenwriters  f6Nj4LM.ncGKk
cracked  scroungers  $5$rounds=1007$WtecfZdxQTmFaCOf$VuK13Y4PdrOwXDlqfgwsDdAhLRKXPq4bVOew5BzM835
cracked  sedation  $6$rounds=1039$DCvA.hsnVQS3CXwb$7R0ezz3LAR7JOKSB3olBjDV3LSY2thP8f.fehW9zHes2IcSSdGoQCF0EGq5Sv24PZe5CT4GSukKDoAT3iLZCc1
cracked  selfish  $1$F4sQgaT0$SV3SmzyXHI13oTr7LZKIG/
cracked  selvedge's  $y$j6T$3Z.7Lg5PC3c73ti1lDrZo7949Ylg7xEV6b/UCaH1wpNfzkMbWEPaNd4KXRxUi4qp$POE.lbncR2e7SuAM4r0Xz8xiDaUz6Sxcu9A/zwCOSW.
cracked  shad  $3$$1195a6ee920265093ad19ebe2d3a63d0
cracked  shawl's  $5$rounds=1409$It0uIpBF7QnuVmC7$Tc/yRMjmqliuXxNfBndg8IOPM/Yoq6MP2GkpqW4/Y40
cracked  shellacking  $3$$0576cbaae65ae461cb789d33c0e0475e
cracked  sheriffs  $y$j5T$Mn0X4ryJkrUoDonb88l.EVimlwTl.QZmoJMDmVMLRJW1JUHAtr1ZQpsfeKiqu4vG$9L0R5yrRhdHOcDD9nCCBE0fQp7QD0opwL9/SCcMFNi5
cracked  shielding  te8A7lH.mphzU
cracked  shinbone's  $1$GQFzcGkM$WeRjNAs5H1QVsls5skKXF/
cracked  shipwrights  pxKmpZQAtpAWo
cracked  shirring  $gy$j6T$eNxE0FVghmrEfhOKKZx5oyDoJX8F9eAH11K7OA134n62uesM3I4ZXkH.N3JrBnBp$0Bu3VRmo23I9nhpsnVthTvNQgZO7YKgSal5vNO4teD5
cracked  shrapnel's  $5$rounds=1329$T4Fqge9n/mqJnof9$tzFGK8.XeiRTIfP1NaDIbsB0ZZRL9Y6dpzgc1brd30C
cracked  silentest  $gy$j7T$vkkgCgByPwhS5Ilu57jTCg7BVCMtTTpDsNVwXAM2fzXvjFCUh33HXAj6XwgZbZb5$ZUsz.Dk7Ywx3oGW5bRMI2vEmPMFV7cDSlcqTzFckVT2
cracked  Simmental's  $1$W0zSPvjY$jWClg2/.soeXqIjEgbc1s1
cracked  sinewy  Dc.WP2zHZIqjA
cracked  slender  $1$6N8yDmbW$0/I2I0h1/OhYQDH00.Z/V0
cracked  smelter  $3$$b7a68ec3f531fa7035b33e4833aba2aa
cracked  smokestack  $5$rounds=1092$9ErdwF2vr11KoGut$WRUXDMcDgagGHIeI0fUkBlof3tcBifaGYzny7BHq7i.
cracked  snicker's  $2b$09$ZnFJuRV8rmwGX1gtcJ4/ou98GIsOSY37ZLqQk/SuCBKPASeexeLlm
cracked  snobby  $y$j5T$SmkolJaxQbLiOpfJeElvaz8hj.e1ylZax4ecfPJLyHSYL20RbiizKV3Ks4qK5pQ7$eao7P3hq2S.AueiNk2lAWqP14OzR/vhdkyprT5eaY91
cracked  soiling  $1$Wc2OEyr0$jzZ70wgi5qrvhZbcIYSOu0
cracked  sorority  $y$j6T$OUbxF6V.oRZ24QJQGxcUquKQGEruYGRI/gp7ut9XAY3VxoRZ3Gq7kmsamSUKNOBR$tZCZSxCroa1Xl7MhL1OQgFD1lIOkuM3kU6Oc7UuTZ13
cracked  southwards  $1$MATw/7eg$C3p/aiUNvQ7rexTHmbvBL/
cracked  sox  $5$rounds=1490$nZTLsP.YMw46OqLd$vOUdRAuVgEq9Ya6a7VDZ3YOzzrJFIrS8uKJRSkFAaz8
cracked  spite  $y$j6T$UTLgv90.i6dTcJwkbopmVL35as5aB7Th5Tzcny3jP.2NDScYEMdEQIMrT8D2IJMr$/iNtSByxZZTfIzWbVAf2kqHbqDJ3pPzWUhhFC4f0UPB
cracked  splutter  $5$rounds=1154$AEV5bvrH3IkA8o6c$jN/s2bV7OkrZzeoQ3rU9GyHli4h/KDtbILa5lY52WzC
cracked  sponged  $5$rounds=1458$f9MmYu1hUaoIcVd3$0i.jjIYrYtbXjqtqJKMYT5O3c/Re1rVJbTg18CGupz0
cracked  sprig  3.ZStaBOdWbcE
cracked  squirt's  $6$rounds=1090$CDkEytk3tL8/roI2$X9bHPIo75//lY9cMVBjUQJnVhOPVG.zKGzjxGjXSiqFSbTFtjclsGUKrIRDSPZcEUNe4bAgQbu/pMhLiACNuH.
cracked  stem's  $6$rounds=1327$m3rRpk4UKppSp9Jc$AqDZWu88nw.l/PwMNMJwWY7bRgM/r65///vb3OaOYamg4vAGqoVvXkPzCOtzmA23vMG7lmoPqdTHaQ6.v/Sm50
cracked  Steve  $gy$j5T$s9lbHgEMAZKC7NyptfUGii/zzuKDOlKG1GoBPSK8zd9FhePaOZsTNiN8Se4bBhF8$OCZxHnhGm5wnd2klkdb5fguGjCKYfH4PkIp51WHTrp5
cracked  stigmatize  $2b$06$qr57C8Jf6cBG1AUVmNoDa.0XWJj4tPaHjchAirEbQ3wzkIKge7TBW
cracked  stimulating  lqiR0NiY9kIyg
cracked  stinks  $6$rounds=1139$7WW7vaQEujibUiPk$qNsNkz.TUs.bcsn8lD60SfFrLZhmO4WxQ.rOpoHueHW8EzV3/wlwX7RMMfqYRnMki.pec90/UfAED56PezANF.
cracked  stonewalls  $gy$j6T$lfiRbO0KgD2jI75zmMGYSMRjJ2AxlDus.9gIxTmp5ir7tc2uH/ZgXIaZPNZJlWN6$KcsIS709eY1zINnprVgGhl1WB8NGzrSNOCuyqW7GfLC
cracked  strangulation's  $2b$08$n4LIRA6jxnuO.vEhjEvqZ.ap4Dz9EXrGaxdbMg.NQtJl.KMfP6yYS
cracked  subsuming  $6$rounds=1156$cF7qCLY7Sf35BEpJ$WxXVdch0eKcz6vEQK8IyMjX6bKr37YjwgIoJbam.cbyCFLLVRaU8DITnIgCayYetoXMejQBsUX1IeYbimuTXF/
cracked  subterfuge  BGmXzhQwOSg5.
cracked  subterfuge's  $y$j7T$EFXjAygXMIuZYYF0lOTYEIWa3pJWnf0o.sNsyu2rEi65hJl6gJMdlJtZmYdldH7K$iX6pIgnGAneLYbRhsoJicwjNGs1H8wEvq6og3jAtWR4
cracked  subtract  $3$$44d358d34217322fe73e5b9d1c308451
cracked  sumo's  $y$j6T$XnIlZcMyYgctcnAUexwbdwxrbsMpoiWHFwYJAy1SXp5q1gXON00tnGT6jhywQ.SY$B//4CWtZ.YDLyi9/x5Y3Zb2.Lc3QJgpBYNmaaKS8fSA
cracked  suture's  $y$j6T$J.Hit2WSn2yNUl46Yu/O/wjTLrjXIrR6Nf2JCrZqJJqDFgdAY4V4j8ibyW2jLD6N$UbsKaX3F.0NkKOrNL1OO.Gaxcb7KjGstBe7Yo2NeVT2
cracked  swanker  $5$rounds=1070$KJgoCnQtScdrICDa$ROcfOymYMmd89.jL8Z7TbiJBeGWWnhqZL4s2DwqgpHB
cracked  swathe's  $3$$d0b77c2d55302b7b5cc3aace57270172
cracked  sweats's  $y$j6T$YfmVr6bE2wYdf55EN1FwlH6PRUxGo6BdqNPqJQcRuJWvoWHEEatz6PZsc5faeod7$V8g15U9EFDhpNWYq4yrhxxpNUkUlvdlQDbogmZO8zh9
cracked  sweepstakes's  jl6UdV5k./1VQ
cracked  tablespoonsful  $y$j5T$5uQSjbPyioOYeCM4DyOoxGOgXLqC5uKcC1bHaqjArsApBZcKDu0ezQ4LSEKlHWnn$Js3jQWk70TYnxksR86qEvFYRYFx7kHXAjHBYkSGRecD
cracked  talons  $y$j7T$PznmSbltOheZ07Lu7DZG2TXZ4cbtUAkGJ1EjeHycOth4n7mbIvfviaO.xqUoIJ0v$xMp2LoVCI8h.dbUhVxsnPEM1d3r4.SBZgtXgtXyr8f/
cracked  Tamra's  $y$j7T$f.Djdmtl9uvncLBoYKLNIcfG.WDaYtOMh46AnigH85ItAjmTCQRMn7vdV9uPJcO3$tI/OVmjyjCHqgO05pM/QhHY8n.yfYbV4rvpN7oYZZtD
cracked  tannest  $5$rounds=1257$7t3lxaM96/MtmJbX$PYiDJDoO2wifzd45nZrLvPc5Y0k0TTgY2spS62rKvm4
cracked  tensions  $3$$1e7f38528062389e5a9017f46ba0320b
cracked  theta  8H3CUpC78ZOGQ
cracked  thinners  $3$$283eb23794b5ff7bf02a233e21c9f7ea
cracked  thrasher's  $gy$j6T$WQVE6EWIlEMimzxIJNDMgUtYtdmnIqjTw5N82/Az/HCG2fKP/AyqV6c5Irdsnaiw$fP9HE5W7MtmQFUI2xRUcrNoTALYzc0OH/pqCaOCe9R5
cracked  thrived  $5$rounds=1200$tzuW1mTXDUYtCdyh$/pLgrFjAg.K73pg.Li/ypeZPTN3.el7QCnKQQ/sIWu8
cracked  thunderstorm  $gy$j6T$5p/MK6ZtGTYuhB3OHKGx92HXf38yoKZ.Z36TGkUlT9gzYzmauYllHohXGiUBLZrF$LBooFQ2QwqcWs.SHDB/kRrINwdj6eMFGEMTiP5UBCRC
cracked  tied  $y$j6T$YPGVM9FHy2VHuwKfNAg6YHilcp0DFXN8NEayzIynXzYL3DWDwGkQVy.5QDh5qtoz$PjqGGZh.SFohnYNILMc0YFPRSMm.gz0lwtOpckdc6uB
cracked  Tl  $2b$09$A8oEjVOHkFlQecaynClPVu1.dAxUK0SCtqLEZ8jZQT85XiRBvcqOq
cracked  toileted  $1$VN1Mt6jP$BFeSyOF0LqtZvqeFf44fT0
cracked  towers  $1$KIV45U8D$TeJoDlDUd6zfSGDE7zkNg0
cracked  traducing  $gy$j7T$pxshTNJ6RwoUoke5Ua9ozcckYzToEbYqDGCW31xnErXvoiFD0La1tFK5NnkOhBS1$xtjo9OlFPe8Lv44IW/f8sO9ltqxmalQIVoZitUqmD37
cracked  trainee  $gy$j6T$p/ToqC3H0BVYNml8I1CQ.7jIndccOvWNgfUYsr5j6jNDhXzWXOXvVgd1qgmumPJy$ccPlNOTiyxre616zXpUoQ7LUUPuDqmrryRVXO5u.vxA
cracked  transparency's  $6$rounds=1050$CMUjsgI1NqVsLjXF$4ATbALR4Q8qUZVcl8NkClROopNTrbcdnnYydHrUv29OwpUm6wEgpWMldEZ59w0rg6M0/jbvI2hx7mh3HF5KTa/
cracked  transvestite's  $3$$a03fc48d2da531bccfffd688d6fef5c2
cracked  Triangulum's  $2b$08$9mGYV/RP5/KInevedCZ6qu2gp5fwpUL6N1O0rjAK9gLKDI6USz3V2
cracked  trigonometric  5vjWaLwCCYfg.
cracked  Trisha  $gy$j6T$7IZ9LzTPi9.mDc5wm2Ul8IJeSZd2dwx0OL31se/wEjdDJFccfPBTmNa/ZzTsbMy/$AbgA1gCDb11PxfV3WEErSpUEW.ttHLKV6EbRNi.e3t3
cracked  truanting  $3$$4d4b4602c2c392670e7555958b3125a6
cracked  tubular  $1$j1bsdEBf$HgRmxu9aYQi5//WS6GDl11
cracked  tunny's  B.NXAwfX4vx8c
cracked  turf's  $gy$j6T$w0Mk8wUSNQpoggsQ78QY9g5N7/wRcwlxDcFm/1ylHq/eSBHWwYyEm/notR7aTs0k$g/5g61eM0Ubd0wTM2Jv/ihqS7TJBGwDDiB/QUN1r7r9
cracked  Ty's  $3$$e0e9dab3ba1deb9f4b1cdd53fb8be42f
cracked  ultraviolet  $3$$dfcde1d2da14fbfb481c52911db65ac2
cracked  umbilicus  $1$TaOtXSvN$SiJzBP8DEMn1To3htOisr.
cracked  uncomplaining  $y$j5T$ZM0ZqHEXD.RcGewvtr05vE.aIcWNi3v4vFDRse0qXHtTgKtN4WgJ1KePNDhnP83n$Itc4k8pdWSxms8FF033amCkpeL36KxC.nzYhtD.a/U/
cracked  uncomplicated  $6$rounds=1059$9ORXlzxrtty5wr6Q$IsQoqb4D/OX1K7.z3tGGwVVYWJqPukNQYubybcmfnqqdKAF0AVUVGOFgxOW7qwXlFZeJp5/x74QDp4RR5L/GL/
cracked  underhandedly  $1$Md5Qp0vG$3hnPGUoAEQTgsJS.02oc70
cracked  unfairness's  $1$w5MoeC8D$UcnkfwRPCDUOj6oMTcskp1
cracked  uninterpreted  $3$$2b085d456bec24b451fd5524fd1d82be
cracked  uniqueness  $y$j6T$XFnZ2bpyLasHRGbxXozJZbAvrK8RO2HoETnBaEwNnEB/pL3XT30occ.TSfDUL3Hc$SGbp/xGeI/YAX.XbG1d1QadfeEurIxUA2Zc9RJdNjsB
cracked  unlisted  $2b$09$SzOwJ1/I4e6j6et2Z0HzEuJcUbOkXLUsqzzpvcUZFSyCZGmJfxEiK
cracked  unorganized  $3$$c21be458edf71b23d4783d7942df13e6
cracked  unsaddles  $6$rounds=1078$/HqeC/XAe4Hbv09a$oJOcJ2nHgYBCZac0dFVSw7IeRmgt8UcSaQGqVZJDhQYb0Gs23TPsrTIhMZ0qVNaeo1phRGx7PxWh0bnDdwlVn1
cracked  unsentimental  $3$$e1762a6fcd909eb5679805b17de105cb
cracked  upraised  $6$rounds=1249$rFykTr/MnNlDEbZM$bt0cyxMMTlD1PP2JuQE5M5Pv8jCzkGy8Ru4X4p4CvIpCFaUKjumZr1kkyUewXCtNgyeN1.sLTwJMQhc7FMQXP.
cracked  upturns  $3$$4e60937173855467c0791ae5d0ea4a77
cracked  vanishes  $1$C2Nfe2/b$10aE338xWnuANdO0r53WR.
cracked  variances  $1$kW2mYuct$ik7zXGtT4wmaIqPIUb9yS0
cracked  vase's  $5$rounds=1023$pSKJc8g8aebvPbuQ$tPohKQjj6CSlas/law7Ilxl1F.FSMiNjDtWOIgJVZu7
cracked  vehemently  $gy$j5T$BgYttn0ZlZV8HSWHx0kMhpQdwsSjPKQhzdySNirQUQWFBeFYEvW/EkUYV.X1e90k$2kzaJdyCJmk3vt9vxbtU9X7qd8Qvry9Fqxpz8tKnCID
cracked  vindicates  $1$PNSlTcHh$4W0btDNSH3pIFn6llvXtQ/
cracked  visit's  $3$$b091e2500ac3514ac34a0010f936dab2
cracked  vulgarizing  $2b$07$pfj0LdWBoC99m79gyniC0.mqmmxq.SLNtjyDOyR4UxWFd/4XiJ8p.
cracked  walking  $6$rounds=1389$JkIXPTT24a89LgPl$kxKyM/IXEgUafhJ2ZvmXB1e27/tgE0iW/bHKUcfZoD611tpzlx2PyZ97nccAVPCYB1AxaNUo6wT3RuO2qc4cK0
cracked  wanly  $1$Dy3VWHof$dGR.OAOYZXB.nDXdol/4A.
cracked  washstand  $gy$j6T$9U11bcgRTWFrSKTlH2xwDTrJnbZd1JihG8NKt4dyfbbppkmfKsRPaKofHGSF47nE$qXuAXUnUmMkAGq8r.ZAo52z1wTuwWaLNTMnDne8w4gD
cracked  watermelon  $3$$79b26b2f149ce47a65aa2da409e858e1
cracked  Weldon's  nm8/CuQuYmvGs
cracked  whatever  $6$rounds=1340$n/puJia1h6sN5sDu$X/JmrMM8cv43XBs.wddbudmHMhfOPEHGJOTXMylelor4BZDBJzy5RHXPgQ4AceMy3pwL7fvct2A4U89dEr2wi1
cracked  wherefore's  GUqKeVyjueJNU
cracked  whiteness  $6$rounds=1023$BtnGSrJV3PWbnwNy$X/5geI2BnNC/Pt5nNbfLCsh72N2eWBKry.4/zN9hcEIomWAOvqx5YfMVisjEteLqFJDhIy5hMD73WzGRSPZ7g1
cracked  whitest  $3$$dee5d2e525143cf72d27058b4b445c90
cracked  Whitney  $y$j6T$Tt14VCcPpv.suZfCw6HjPaGww1JJoH3sCRLXDDjxXOJqVOV5BO2QyJHwCpsZMAYA$nNvG1PSMXOEcYdtZnzG1SmGZezKQvfkhAWQDYX.7L85
cracked  Wilford's  $y$j7T$PBbVWBfDy7uho/vZVIxGVlxz4chptHqKiktheDYe/OrxABBfkbgQ4VwrK7IgmSyS$fpeAfi5GxjR8mZy5J9OiFo2wBV4JNPJP9gNr4wCoRp.
cracked  windlass's  $1$M.DHCB01$Fp3TIclxlQzboM8J.iX66.
cracked  wobbled  $5$rounds=1381$T7/LdKl3PUJhXy4/$wY5KWa17OwepCEJRq0sIFWOq07gxI/VgBBsJA1BeRQD
cracked  wont  $gy$j5T$uTvg9kX1zSkqAhK.n9f/CQDIwaR8WrCykUXTXZNtOFv0MMvdDgJU/AhtbWY1CCPS$W4rGrP6DgvjB4kEOmne5YdD0M8CJNuL0pXKdQvSpFT9
cracked  wonted  $6$rounds=1371$Wu7S9SvIMJDEY49.$LZGcI2hVAc9uag8Fu2DVyXLYq/y8MlxsQMpq4xG6FCbYkJ/8lbIbRadYITyKvO67Dt9.YVxpZ6rNiHZf1.xiy.
cracked  wrongheadedness's  $y$j5T$QA9giIKmbpm7J12Gly8jN7Y3.5qsXwrE.uAVhgCExM45FLK9egsezQl9RQDEaN6B$JayzAUsgldG2HapaATT9oNHyNG8/CrFAfQoTNfzDQE5
cracked  Xenia  $6$rounds=1194$4kRxfeeNpcxSAnK5$S3iYereVDgDeqlSrNMJI9LtEqGjxufbwLd2xGKjviwLubJA7eQ/43/RerzE9atzCS98SydE1mEpeEqWl2LKb21
cracked  yourselves  $6$rounds=1495$GFEKjt68er0jUjvv$TCrCIxKAlvxvRf1Zb3A.d2IYtSvAo6GvuZ93MK5mEIA5hh.AGSMVpk9SVcadR63WQ8GKQQwpEWL03wQrQ5Xz/1
cracked  Zeppelin's  $5$rounds=1439$tmnZTPMrtVETkoPs$eLqec2hcn1ejW9Kzy6Zmk8h65xNyRdc3u5vyzLZj2pB
